{"/home/sheece/Desktop/work/release/dendri/client/src/api.ts": {"path":"/home/sheece/Desktop/work/release/dendri/client/src/api.ts","all":false,"statementMap":{"0":{"start":{"line":1,"column":0},"end":{"line":1,"column":30}},"2":{"start":{"line":3,"column":0},"end":{"line":3,"column":30}},"5":{"start":{"line":6,"column":0},"end":{"line":6,"column":28}},"7":{"start":{"line":8,"column":0},"end":{"line":8,"column":18}},"8":{"start":{"line":9,"column":0},"end":{"line":9,"column":48}},"10":{"start":{"line":11,"column":0},"end":{"line":11,"column":56}},"12":{"start":{"line":13,"column":0},"end":{"line":13,"column":59}},"13":{"start":{"line":14,"column":0},"end":{"line":14,"column":59}},"14":{"start":{"line":15,"column":0},"end":{"line":15,"column":50}},"15":{"start":{"line":16,"column":0},"end":{"line":16,"column":78}},"17":{"start":{"line":18,"column":0},"end":{"line":18,"column":62}},"18":{"start":{"line":19,"column":0},"end":{"line":19,"column":43}},"20":{"start":{"line":21,"column":0},"end":{"line":21,"column":43}},"21":{"start":{"line":22,"column":0},"end":{"line":22,"column":76}},"23":{"start":{"line":24,"column":0},"end":{"line":24,"column":26}},"24":{"start":{"line":25,"column":0},"end":{"line":25,"column":48}},"25":{"start":{"line":26,"column":0},"end":{"line":26,"column":29}},"26":{"start":{"line":27,"column":0},"end":{"line":27,"column":44}},"27":{"start":{"line":28,"column":0},"end":{"line":28,"column":2}},"30":{"start":{"line":31,"column":0},"end":{"line":31,"column":38}},"31":{"start":{"line":32,"column":0},"end":{"line":32,"column":7}},"32":{"start":{"line":33,"column":0},"end":{"line":33,"column":51}},"34":{"start":{"line":35,"column":0},"end":{"line":35,"column":33}},"35":{"start":{"line":36,"column":0},"end":{"line":36,"column":56}},"36":{"start":{"line":37,"column":0},"end":{"line":37,"column":4}},"38":{"start":{"line":39,"column":0},"end":{"line":39,"column":26}},"39":{"start":{"line":40,"column":0},"end":{"line":40,"column":19}},"40":{"start":{"line":41,"column":0},"end":{"line":41,"column":46}},"42":{"start":{"line":43,"column":0},"end":{"line":43,"column":22}},"44":{"start":{"line":45,"column":0},"end":{"line":45,"column":78}},"45":{"start":{"line":46,"column":0},"end":{"line":46,"column":15}},"46":{"start":{"line":47,"column":0},"end":{"line":47,"column":71}},"49":{"start":{"line":50,"column":0},"end":{"line":50,"column":4}},"51":{"start":{"line":52,"column":0},"end":{"line":52,"column":71}},"52":{"start":{"line":53,"column":0},"end":{"line":53,"column":3}},"53":{"start":{"line":54,"column":0},"end":{"line":54,"column":2}},"56":{"start":{"line":57,"column":0},"end":{"line":57,"column":54}},"57":{"start":{"line":58,"column":0},"end":{"line":58,"column":59}},"58":{"start":{"line":59,"column":0},"end":{"line":59,"column":45}},"59":{"start":{"line":60,"column":0},"end":{"line":60,"column":57}},"61":{"start":{"line":62,"column":0},"end":{"line":62,"column":7}},"62":{"start":{"line":63,"column":0},"end":{"line":63,"column":44}},"63":{"start":{"line":64,"column":0},"end":{"line":64,"column":77}},"65":{"start":{"line":66,"column":0},"end":{"line":66,"column":38}},"66":{"start":{"line":67,"column":0},"end":{"line":67,"column":49}},"67":{"start":{"line":68,"column":0},"end":{"line":68,"column":30}},"68":{"start":{"line":69,"column":0},"end":{"line":69,"column":45}},"70":{"start":{"line":71,"column":0},"end":{"line":71,"column":22}},"71":{"start":{"line":72,"column":0},"end":{"line":72,"column":14}},"72":{"start":{"line":73,"column":0},"end":{"line":73,"column":4}},"74":{"start":{"line":75,"column":0},"end":{"line":75,"column":38}},"75":{"start":{"line":76,"column":0},"end":{"line":76,"column":69}},"76":{"start":{"line":77,"column":0},"end":{"line":77,"column":19}},"77":{"start":{"line":78,"column":0},"end":{"line":78,"column":58}},"78":{"start":{"line":79,"column":0},"end":{"line":79,"column":13}},"79":{"start":{"line":80,"column":0},"end":{"line":80,"column":3}},"80":{"start":{"line":81,"column":0},"end":{"line":81,"column":2}},"83":{"start":{"line":84,"column":0},"end":{"line":84,"column":39}},"84":{"start":{"line":85,"column":0},"end":{"line":85,"column":7}},"85":{"start":{"line":86,"column":0},"end":{"line":86,"column":54}},"87":{"start":{"line":88,"column":0},"end":{"line":88,"column":33}},"88":{"start":{"line":89,"column":0},"end":{"line":89,"column":34}},"89":{"start":{"line":90,"column":0},"end":{"line":90,"column":27}},"91":{"start":{"line":92,"column":0},"end":{"line":92,"column":50}},"92":{"start":{"line":93,"column":0},"end":{"line":93,"column":20}},"93":{"start":{"line":94,"column":0},"end":{"line":94,"column":70}},"95":{"start":{"line":96,"column":0},"end":{"line":96,"column":13}},"96":{"start":{"line":97,"column":0},"end":{"line":97,"column":20}},"97":{"start":{"line":98,"column":0},"end":{"line":98,"column":68}},"99":{"start":{"line":100,"column":0},"end":{"line":100,"column":6}},"101":{"start":{"line":102,"column":0},"end":{"line":102,"column":21}},"102":{"start":{"line":103,"column":0},"end":{"line":103,"column":84}},"103":{"start":{"line":104,"column":0},"end":{"line":104,"column":7}},"104":{"start":{"line":105,"column":0},"end":{"line":105,"column":5}},"106":{"start":{"line":107,"column":0},"end":{"line":107,"column":56}},"107":{"start":{"line":108,"column":0},"end":{"line":108,"column":4}},"109":{"start":{"line":110,"column":0},"end":{"line":110,"column":26}},"110":{"start":{"line":111,"column":0},"end":{"line":111,"column":19}},"111":{"start":{"line":112,"column":0},"end":{"line":112,"column":54}},"113":{"start":{"line":114,"column":0},"end":{"line":114,"column":19}},"114":{"start":{"line":115,"column":0},"end":{"line":115,"column":50}},"115":{"start":{"line":116,"column":0},"end":{"line":116,"column":54}},"116":{"start":{"line":117,"column":0},"end":{"line":117,"column":5}},"117":{"start":{"line":118,"column":0},"end":{"line":118,"column":3}},"118":{"start":{"line":119,"column":0},"end":{"line":119,"column":2}},"119":{"start":{"line":120,"column":0},"end":{"line":120,"column":1}}},"s":{"0":1,"2":1,"5":1,"7":1,"8":202,"10":202,"12":202,"13":19,"14":19,"15":19,"17":19,"18":19,"20":19,"21":19,"23":19,"24":19,"25":19,"26":19,"27":19,"30":202,"31":13,"32":13,"34":8,"35":1,"36":1,"38":4,"39":13,"40":7,"42":7,"44":7,"45":7,"46":7,"49":7,"51":7,"52":7,"53":13,"56":202,"57":0,"58":0,"59":0,"61":0,"62":0,"63":0,"65":0,"66":0,"67":0,"68":0,"70":0,"71":0,"72":0,"74":0,"75":0,"76":0,"77":0,"78":0,"79":0,"80":0,"83":202,"84":6,"85":6,"87":6,"88":3,"89":2,"91":2,"92":1,"93":1,"95":1,"96":1,"97":1,"99":1,"101":2,"102":2,"103":2,"104":2,"106":1,"107":1,"109":1,"110":6,"111":5,"113":5,"114":5,"115":5,"116":5,"117":5,"118":6,"119":202},"branchMap":{"0":{"type":"branch","line":8,"loc":{"start":{"line":8,"column":17},"end":{"line":120,"column":1}},"locations":[{"start":{"line":8,"column":17},"end":{"line":120,"column":1}}]},"1":{"type":"branch","line":11,"loc":{"start":{"line":11,"column":1},"end":{"line":11,"column":56}},"locations":[{"start":{"line":11,"column":1},"end":{"line":11,"column":56}}]},"2":{"type":"branch","line":13,"loc":{"start":{"line":13,"column":9},"end":{"line":28,"column":2}},"locations":[{"start":{"line":13,"column":9},"end":{"line":28,"column":2}}]},"3":{"type":"branch","line":14,"loc":{"start":{"line":14,"column":33},"end":{"line":14,"column":52}},"locations":[{"start":{"line":14,"column":33},"end":{"line":14,"column":52}}]},"4":{"type":"branch","line":14,"loc":{"start":{"line":14,"column":42},"end":{"line":14,"column":59}},"locations":[{"start":{"line":14,"column":42},"end":{"line":14,"column":59}}]},"5":{"type":"branch","line":27,"loc":{"start":{"line":27,"column":13},"end":{"line":27,"column":42}},"locations":[{"start":{"line":27,"column":13},"end":{"line":27,"column":42}}]},"6":{"type":"branch","line":31,"loc":{"start":{"line":31,"column":1},"end":{"line":54,"column":2}},"locations":[{"start":{"line":31,"column":1},"end":{"line":54,"column":2}}]},"7":{"type":"branch","line":33,"loc":{"start":{"line":33,"column":49},"end":{"line":40,"column":11}},"locations":[{"start":{"line":33,"column":49},"end":{"line":40,"column":11}}]},"8":{"type":"branch","line":33,"loc":{"start":{"line":33,"column":49},"end":{"line":35,"column":32}},"locations":[{"start":{"line":33,"column":49},"end":{"line":35,"column":32}}]},"9":{"type":"branch","line":35,"loc":{"start":{"line":35,"column":32},"end":{"line":37,"column":4}},"locations":[{"start":{"line":35,"column":32},"end":{"line":37,"column":4}}]},"10":{"type":"branch","line":37,"loc":{"start":{"line":37,"column":3},"end":{"line":40,"column":11}},"locations":[{"start":{"line":37,"column":3},"end":{"line":40,"column":11}}]},"11":{"type":"branch","line":40,"loc":{"start":{"line":40,"column":2},"end":{"line":53,"column":3}},"locations":[{"start":{"line":40,"column":2},"end":{"line":53,"column":3}}]},"12":{"type":"branch","line":84,"loc":{"start":{"line":84,"column":1},"end":{"line":119,"column":2}},"locations":[{"start":{"line":84,"column":1},"end":{"line":119,"column":2}}]},"13":{"type":"branch","line":86,"loc":{"start":{"line":86,"column":52},"end":{"line":88,"column":32}},"locations":[{"start":{"line":86,"column":52},"end":{"line":88,"column":32}}]},"14":{"type":"branch","line":88,"loc":{"start":{"line":88,"column":32},"end":{"line":108,"column":4}},"locations":[{"start":{"line":88,"column":32},"end":{"line":108,"column":4}}]},"15":{"type":"branch","line":89,"loc":{"start":{"line":89,"column":33},"end":{"line":105,"column":5}},"locations":[{"start":{"line":89,"column":33},"end":{"line":105,"column":5}}]},"16":{"type":"branch","line":92,"loc":{"start":{"line":92,"column":49},"end":{"line":100,"column":6}},"locations":[{"start":{"line":92,"column":49},"end":{"line":100,"column":6}}]},"17":{"type":"branch","line":105,"loc":{"start":{"line":105,"column":4},"end":{"line":108,"column":4}},"locations":[{"start":{"line":105,"column":4},"end":{"line":108,"column":4}}]},"18":{"type":"branch","line":108,"loc":{"start":{"line":108,"column":3},"end":{"line":111,"column":11}},"locations":[{"start":{"line":108,"column":3},"end":{"line":111,"column":11}}]},"19":{"type":"branch","line":111,"loc":{"start":{"line":111,"column":2},"end":{"line":118,"column":3}},"locations":[{"start":{"line":111,"column":2},"end":{"line":118,"column":3}}]},"20":{"type":"branch","line":116,"loc":{"start":{"line":116,"column":23},"end":{"line":116,"column":47}},"locations":[{"start":{"line":116,"column":23},"end":{"line":116,"column":47}}]},"21":{"type":"branch","line":116,"loc":{"start":{"line":116,"column":37},"end":{"line":116,"column":54}},"locations":[{"start":{"line":116,"column":37},"end":{"line":116,"column":54}}]}},"b":{"0":[202],"1":[188],"2":[19],"3":[4],"4":[15],"5":[17],"6":[13],"7":[8],"8":[5],"9":[1],"10":[4],"11":[7],"12":[6],"13":[4],"14":[3],"15":[2],"16":[1],"17":[1],"18":[1],"19":[5],"20":[4],"21":[1]},"fnMap":{"0":{"name":"<instance_members_initializer>","decl":{"start":{"line":8,"column":17},"end":{"line":120,"column":1}},"loc":{"start":{"line":8,"column":17},"end":{"line":120,"column":1}},"line":8},"1":{"name":"API","decl":{"start":{"line":11,"column":1},"end":{"line":11,"column":56}},"loc":{"start":{"line":11,"column":1},"end":{"line":11,"column":56}},"line":11},"2":{"name":"_buildRequest","decl":{"start":{"line":13,"column":9},"end":{"line":28,"column":2}},"loc":{"start":{"line":13,"column":9},"end":{"line":28,"column":2}},"line":13},"3":{"name":"retrieveId","decl":{"start":{"line":31,"column":1},"end":{"line":54,"column":2}},"loc":{"start":{"line":31,"column":1},"end":{"line":54,"column":2}},"line":31},"4":{"name":"getTurnCredentials","decl":{"start":{"line":57,"column":1},"end":{"line":81,"column":2}},"loc":{"start":{"line":57,"column":1},"end":{"line":81,"column":2}},"line":57},"5":{"name":"listAllPeers","decl":{"start":{"line":84,"column":1},"end":{"line":119,"column":2}},"loc":{"start":{"line":84,"column":1},"end":{"line":119,"column":2}},"line":84}},"f":{"0":202,"1":188,"2":19,"3":13,"4":0,"5":6}}
,"/home/sheece/Desktop/work/release/dendri/client/src/baseconnection.ts": {"path":"/home/sheece/Desktop/work/release/dendri/client/src/baseconnection.ts","all":false,"statementMap":{"2":{"start":{"line":3,"column":0},"end":{"line":3,"column":94}},"25":{"start":{"line":26,"column":0},"end":{"line":26,"column":37}},"28":{"start":{"line":29,"column":0},"end":{"line":29,"column":32}},"31":{"start":{"line":32,"column":0},"end":{"line":32,"column":3}},"32":{"start":{"line":33,"column":0},"end":{"line":33,"column":25}},"38":{"start":{"line":39,"column":0},"end":{"line":39,"column":24}},"39":{"start":{"line":40,"column":0},"end":{"line":40,"column":23}},"41":{"start":{"line":42,"column":0},"end":{"line":42,"column":43}},"42":{"start":{"line":43,"column":0},"end":{"line":43,"column":43}},"49":{"start":{"line":50,"column":0},"end":{"line":50,"column":16}},"55":{"start":{"line":56,"column":0},"end":{"line":56,"column":13}},"56":{"start":{"line":57,"column":0},"end":{"line":57,"column":20}},"57":{"start":{"line":58,"column":0},"end":{"line":58,"column":2}},"59":{"start":{"line":60,"column":0},"end":{"line":60,"column":23}},"63":{"start":{"line":64,"column":0},"end":{"line":64,"column":24}},"64":{"start":{"line":65,"column":0},"end":{"line":65,"column":33}},"65":{"start":{"line":66,"column":0},"end":{"line":66,"column":24}},"66":{"start":{"line":67,"column":0},"end":{"line":67,"column":4}},"67":{"start":{"line":68,"column":0},"end":{"line":68,"column":10}},"69":{"start":{"line":70,"column":0},"end":{"line":70,"column":35}},"70":{"start":{"line":71,"column":0},"end":{"line":71,"column":2}},"84":{"start":{"line":85,"column":0},"end":{"line":85,"column":1}}},"s":{"2":1,"25":1,"28":1,"31":1,"32":129,"38":129,"39":129,"41":129,"42":129,"49":129,"55":129,"56":283,"57":283,"59":129,"63":129,"64":129,"65":129,"66":129,"67":129,"69":129,"70":129,"84":129},"branchMap":{"0":{"type":"branch","line":32,"loc":{"start":{"line":32,"column":2},"end":{"line":85,"column":1}},"locations":[{"start":{"line":32,"column":2},"end":{"line":85,"column":1}}]},"1":{"type":"branch","line":60,"loc":{"start":{"line":60,"column":11},"end":{"line":71,"column":2}},"locations":[{"start":{"line":60,"column":11},"end":{"line":71,"column":2}}]},"2":{"type":"branch","line":56,"loc":{"start":{"line":56,"column":1},"end":{"line":58,"column":2}},"locations":[{"start":{"line":56,"column":1},"end":{"line":58,"column":2}}]}},"b":{"0":[129],"1":[129],"2":[283]},"fnMap":{"0":{"name":"<instance_members_initializer>","decl":{"start":{"line":32,"column":2},"end":{"line":85,"column":1}},"loc":{"start":{"line":32,"column":2},"end":{"line":85,"column":1}},"line":32},"1":{"name":"BaseConnection","decl":{"start":{"line":60,"column":11},"end":{"line":71,"column":2}},"loc":{"start":{"line":60,"column":11},"end":{"line":71,"column":2}},"line":60},"2":{"name":"get open","decl":{"start":{"line":56,"column":1},"end":{"line":58,"column":2}},"loc":{"start":{"line":56,"column":1},"end":{"line":58,"column":2}},"line":56}},"f":{"0":129,"1":129,"2":283}}
,"/home/sheece/Desktop/work/release/dendri/client/src/dendri.ts": {"path":"/home/sheece/Desktop/work/release/dendri/client/src/dendri.ts","all":false,"statementMap":{"0":{"start":{"line":1,"column":0},"end":{"line":1,"column":28}},"1":{"start":{"line":2,"column":0},"end":{"line":2,"column":76}},"2":{"start":{"line":3,"column":0},"end":{"line":3,"column":64}},"3":{"start":{"line":4,"column":0},"end":{"line":4,"column":62}},"5":{"start":{"line":6,"column":0},"end":{"line":6,"column":72}},"6":{"start":{"line":7,"column":0},"end":{"line":7,"column":94}},"7":{"start":{"line":8,"column":0},"end":{"line":8,"column":54}},"8":{"start":{"line":9,"column":0},"end":{"line":9,"column":49}},"9":{"start":{"line":10,"column":0},"end":{"line":10,"column":52}},"17":{"start":{"line":18,"column":0},"end":{"line":18,"column":34}},"18":{"start":{"line":19,"column":0},"end":{"line":19,"column":30}},"20":{"start":{"line":21,"column":0},"end":{"line":21,"column":45}},"24":{"start":{"line":25,"column":0},"end":{"line":25,"column":18}},"29":{"start":{"line":30,"column":0},"end":{"line":30,"column":15}},"33":{"start":{"line":34,"column":0},"end":{"line":34,"column":15}},"37":{"start":{"line":38,"column":0},"end":{"line":38,"column":15}},"43":{"start":{"line":44,"column":0},"end":{"line":44,"column":14}},"44":{"start":{"line":45,"column":0},"end":{"line":45,"column":16}},"51":{"start":{"line":52,"column":0},"end":{"line":52,"column":14}},"58":{"start":{"line":59,"column":0},"end":{"line":59,"column":18}},"59":{"start":{"line":60,"column":0},"end":{"line":60,"column":23}},"60":{"start":{"line":61,"column":0},"end":{"line":61,"column":33}},"61":{"start":{"line":62,"column":0},"end":{"line":62,"column":60}},"62":{"start":{"line":63,"column":0},"end":{"line":63,"column":33}},"64":{"start":{"line":65,"column":0},"end":{"line":65,"column":32}},"66":{"start":{"line":67,"column":0},"end":{"line":67,"column":14}},"68":{"start":{"line":69,"column":0},"end":{"line":69,"column":23}},"69":{"start":{"line":70,"column":0},"end":{"line":70,"column":1}},"115":{"start":{"line":116,"column":0},"end":{"line":116,"column":82}},"116":{"start":{"line":117,"column":0},"end":{"line":117,"column":48}},"118":{"start":{"line":119,"column":0},"end":{"line":119,"column":55}},"119":{"start":{"line":120,"column":0},"end":{"line":120,"column":11}},"120":{"start":{"line":121,"column":0},"end":{"line":121,"column":13}},"121":{"start":{"line":122,"column":0},"end":{"line":122,"column":21}},"122":{"start":{"line":123,"column":0},"end":{"line":123,"column":28}},"124":{"start":{"line":125,"column":0},"end":{"line":125,"column":22}},"125":{"start":{"line":126,"column":0},"end":{"line":126,"column":3}},"126":{"start":{"line":127,"column":0},"end":{"line":127,"column":42}},"127":{"start":{"line":128,"column":0},"end":{"line":128,"column":28}},"128":{"start":{"line":129,"column":0},"end":{"line":129,"column":34}},"130":{"start":{"line":131,"column":0},"end":{"line":131,"column":35}},"131":{"start":{"line":132,"column":0},"end":{"line":132,"column":45}},"134":{"start":{"line":135,"column":0},"end":{"line":135,"column":60}},"135":{"start":{"line":136,"column":0},"end":{"line":136,"column":102}},"136":{"start":{"line":137,"column":0},"end":{"line":137,"column":61}},"137":{"start":{"line":138,"column":0},"end":{"line":138,"column":128}},"138":{"start":{"line":139,"column":0},"end":{"line":139,"column":103}},"139":{"start":{"line":140,"column":0},"end":{"line":140,"column":108}},"146":{"start":{"line":147,"column":0},"end":{"line":147,"column":11}},"147":{"start":{"line":148,"column":0},"end":{"line":148,"column":18}},"148":{"start":{"line":149,"column":0},"end":{"line":149,"column":2}},"150":{"start":{"line":151,"column":0},"end":{"line":151,"column":16}},"151":{"start":{"line":152,"column":0},"end":{"line":152,"column":23}},"152":{"start":{"line":153,"column":0},"end":{"line":153,"column":2}},"154":{"start":{"line":155,"column":0},"end":{"line":155,"column":13}},"155":{"start":{"line":156,"column":0},"end":{"line":156,"column":20}},"156":{"start":{"line":157,"column":0},"end":{"line":157,"column":2}},"161":{"start":{"line":162,"column":0},"end":{"line":162,"column":15}},"162":{"start":{"line":163,"column":0},"end":{"line":163,"column":22}},"163":{"start":{"line":164,"column":0},"end":{"line":164,"column":2}},"170":{"start":{"line":171,"column":0},"end":{"line":171,"column":28}},"171":{"start":{"line":172,"column":0},"end":{"line":172,"column":47}},"173":{"start":{"line":174,"column":0},"end":{"line":174,"column":43}},"174":{"start":{"line":175,"column":0},"end":{"line":175,"column":32}},"175":{"start":{"line":176,"column":0},"end":{"line":176,"column":3}},"177":{"start":{"line":178,"column":0},"end":{"line":178,"column":26}},"178":{"start":{"line":179,"column":0},"end":{"line":179,"column":2}},"183":{"start":{"line":184,"column":0},"end":{"line":184,"column":18}},"184":{"start":{"line":185,"column":0},"end":{"line":185,"column":25}},"185":{"start":{"line":186,"column":0},"end":{"line":186,"column":2}},"189":{"start":{"line":190,"column":0},"end":{"line":190,"column":21}},"190":{"start":{"line":191,"column":0},"end":{"line":191,"column":28}},"191":{"start":{"line":192,"column":0},"end":{"line":192,"column":2}},"213":{"start":{"line":214,"column":0},"end":{"line":214,"column":68}},"214":{"start":{"line":215,"column":0},"end":{"line":215,"column":10}},"216":{"start":{"line":217,"column":0},"end":{"line":217,"column":33}},"219":{"start":{"line":220,"column":0},"end":{"line":220,"column":66}},"220":{"start":{"line":221,"column":0},"end":{"line":221,"column":33}},"221":{"start":{"line":222,"column":0},"end":{"line":222,"column":18}},"222":{"start":{"line":223,"column":0},"end":{"line":223,"column":26}},"223":{"start":{"line":224,"column":0},"end":{"line":224,"column":3}},"226":{"start":{"line":227,"column":0},"end":{"line":227,"column":13}},"227":{"start":{"line":228,"column":0},"end":{"line":228,"column":51}},"228":{"start":{"line":229,"column":0},"end":{"line":229,"column":25}},"229":{"start":{"line":230,"column":0},"end":{"line":230,"column":25}},"230":{"start":{"line":231,"column":0},"end":{"line":231,"column":13}},"231":{"start":{"line":232,"column":0},"end":{"line":232,"column":27}},"232":{"start":{"line":233,"column":0},"end":{"line":233,"column":29}},"233":{"start":{"line":234,"column":0},"end":{"line":234,"column":30}},"234":{"start":{"line":235,"column":0},"end":{"line":235,"column":53}},"235":{"start":{"line":236,"column":0},"end":{"line":236,"column":19}},"236":{"start":{"line":237,"column":0},"end":{"line":237,"column":14}},"237":{"start":{"line":238,"column":0},"end":{"line":238,"column":4}},"238":{"start":{"line":239,"column":0},"end":{"line":239,"column":26}},"239":{"start":{"line":240,"column":0},"end":{"line":240,"column":76}},"242":{"start":{"line":243,"column":0},"end":{"line":243,"column":35}},"243":{"start":{"line":244,"column":0},"end":{"line":244,"column":95}},"244":{"start":{"line":245,"column":0},"end":{"line":245,"column":3}},"247":{"start":{"line":248,"column":0},"end":{"line":248,"column":27}},"248":{"start":{"line":249,"column":0},"end":{"line":249,"column":39}},"249":{"start":{"line":250,"column":0},"end":{"line":250,"column":50}},"250":{"start":{"line":251,"column":0},"end":{"line":251,"column":4}},"251":{"start":{"line":252,"column":0},"end":{"line":252,"column":67}},"252":{"start":{"line":253,"column":0},"end":{"line":253,"column":30}},"253":{"start":{"line":254,"column":0},"end":{"line":254,"column":4}},"254":{"start":{"line":255,"column":0},"end":{"line":255,"column":3}},"257":{"start":{"line":258,"column":0},"end":{"line":258,"column":85}},"258":{"start":{"line":259,"column":0},"end":{"line":259,"column":42}},"259":{"start":{"line":260,"column":0},"end":{"line":260,"column":54}},"260":{"start":{"line":261,"column":0},"end":{"line":261,"column":31}},"261":{"start":{"line":262,"column":0},"end":{"line":262,"column":3}},"263":{"start":{"line":264,"column":0},"end":{"line":264,"column":34}},"264":{"start":{"line":265,"column":0},"end":{"line":265,"column":52}},"265":{"start":{"line":266,"column":0},"end":{"line":266,"column":3}},"267":{"start":{"line":268,"column":0},"end":{"line":268,"column":45}},"269":{"start":{"line":270,"column":0},"end":{"line":270,"column":31}},"270":{"start":{"line":271,"column":0},"end":{"line":271,"column":48}},"274":{"start":{"line":275,"column":0},"end":{"line":275,"column":57}},"275":{"start":{"line":276,"column":0},"end":{"line":276,"column":22}},"276":{"start":{"line":277,"column":0},"end":{"line":277,"column":40}},"277":{"start":{"line":278,"column":0},"end":{"line":278,"column":50}},"278":{"start":{"line":279,"column":0},"end":{"line":279,"column":5}},"279":{"start":{"line":280,"column":0},"end":{"line":280,"column":10}},"280":{"start":{"line":281,"column":0},"end":{"line":281,"column":3}},"283":{"start":{"line":284,"column":0},"end":{"line":284,"column":45}},"284":{"start":{"line":285,"column":0},"end":{"line":285,"column":78}},"285":{"start":{"line":286,"column":0},"end":{"line":286,"column":10}},"286":{"start":{"line":287,"column":0},"end":{"line":287,"column":3}},"288":{"start":{"line":289,"column":0},"end":{"line":289,"column":15}},"289":{"start":{"line":290,"column":0},"end":{"line":290,"column":28}},"290":{"start":{"line":291,"column":0},"end":{"line":291,"column":10}},"291":{"start":{"line":292,"column":0},"end":{"line":292,"column":12}},"292":{"start":{"line":293,"column":0},"end":{"line":293,"column":17}},"293":{"start":{"line":294,"column":0},"end":{"line":294,"column":39}},"294":{"start":{"line":295,"column":0},"end":{"line":295,"column":71}},"295":{"start":{"line":296,"column":0},"end":{"line":296,"column":3}},"296":{"start":{"line":297,"column":0},"end":{"line":297,"column":2}},"298":{"start":{"line":299,"column":0},"end":{"line":299,"column":44}},"299":{"start":{"line":300,"column":0},"end":{"line":300,"column":28}},"300":{"start":{"line":301,"column":0},"end":{"line":301,"column":33}},"301":{"start":{"line":302,"column":0},"end":{"line":302,"column":23}},"302":{"start":{"line":303,"column":0},"end":{"line":303,"column":23}},"303":{"start":{"line":304,"column":0},"end":{"line":304,"column":23}},"304":{"start":{"line":305,"column":0},"end":{"line":305,"column":22}},"305":{"start":{"line":306,"column":0},"end":{"line":306,"column":30}},"306":{"start":{"line":307,"column":0},"end":{"line":307,"column":4}},"308":{"start":{"line":309,"column":0},"end":{"line":309,"column":63}},"309":{"start":{"line":310,"column":0},"end":{"line":310,"column":29}},"310":{"start":{"line":311,"column":0},"end":{"line":311,"column":5}},"312":{"start":{"line":313,"column":0},"end":{"line":313,"column":55}},"313":{"start":{"line":314,"column":0},"end":{"line":314,"column":51}},"314":{"start":{"line":315,"column":0},"end":{"line":315,"column":5}},"316":{"start":{"line":317,"column":0},"end":{"line":317,"column":49}},"317":{"start":{"line":318,"column":0},"end":{"line":318,"column":27}},"318":{"start":{"line":319,"column":0},"end":{"line":319,"column":11}},"319":{"start":{"line":320,"column":0},"end":{"line":320,"column":4}},"321":{"start":{"line":322,"column":0},"end":{"line":322,"column":73}},"322":{"start":{"line":323,"column":0},"end":{"line":323,"column":21}},"323":{"start":{"line":324,"column":0},"end":{"line":324,"column":5}},"325":{"start":{"line":326,"column":0},"end":{"line":326,"column":16}},"326":{"start":{"line":327,"column":0},"end":{"line":327,"column":2}},"329":{"start":{"line":330,"column":0},"end":{"line":330,"column":40}},"330":{"start":{"line":331,"column":0},"end":{"line":331,"column":16}},"331":{"start":{"line":332,"column":0},"end":{"line":332,"column":46}},"332":{"start":{"line":333,"column":0},"end":{"line":333,"column":2}},"335":{"start":{"line":336,"column":0},"end":{"line":336,"column":55}},"336":{"start":{"line":337,"column":0},"end":{"line":337,"column":28}},"337":{"start":{"line":338,"column":0},"end":{"line":338,"column":34}},"338":{"start":{"line":339,"column":0},"end":{"line":339,"column":29}},"340":{"start":{"line":341,"column":0},"end":{"line":341,"column":17}},"341":{"start":{"line":342,"column":0},"end":{"line":342,"column":72}},"342":{"start":{"line":343,"column":0},"end":{"line":343,"column":33}},"343":{"start":{"line":344,"column":0},"end":{"line":344,"column":22}},"344":{"start":{"line":345,"column":0},"end":{"line":345,"column":31}},"345":{"start":{"line":346,"column":0},"end":{"line":346,"column":32}},"346":{"start":{"line":347,"column":0},"end":{"line":347,"column":10}},"347":{"start":{"line":348,"column":0},"end":{"line":348,"column":49}},"348":{"start":{"line":349,"column":0},"end":{"line":349,"column":58}},"349":{"start":{"line":350,"column":0},"end":{"line":350,"column":10}},"350":{"start":{"line":351,"column":0},"end":{"line":351,"column":63}},"351":{"start":{"line":352,"column":0},"end":{"line":352,"column":75}},"352":{"start":{"line":353,"column":0},"end":{"line":353,"column":10}},"353":{"start":{"line":354,"column":0},"end":{"line":354,"column":75}},"354":{"start":{"line":355,"column":0},"end":{"line":355,"column":89}},"355":{"start":{"line":356,"column":0},"end":{"line":356,"column":10}},"356":{"start":{"line":357,"column":0},"end":{"line":357,"column":88}},"357":{"start":{"line":358,"column":0},"end":{"line":358,"column":56}},"358":{"start":{"line":359,"column":0},"end":{"line":359,"column":30}},"359":{"start":{"line":360,"column":0},"end":{"line":360,"column":37}},"360":{"start":{"line":361,"column":0},"end":{"line":361,"column":10}},"361":{"start":{"line":362,"column":0},"end":{"line":362,"column":91}},"362":{"start":{"line":363,"column":0},"end":{"line":363,"column":91}},"363":{"start":{"line":364,"column":0},"end":{"line":364,"column":10}},"364":{"start":{"line":365,"column":0},"end":{"line":365,"column":34}},"366":{"start":{"line":367,"column":0},"end":{"line":367,"column":46}},"367":{"start":{"line":368,"column":0},"end":{"line":368,"column":62}},"369":{"start":{"line":370,"column":0},"end":{"line":370,"column":21}},"370":{"start":{"line":371,"column":0},"end":{"line":371,"column":24}},"371":{"start":{"line":372,"column":0},"end":{"line":372,"column":78}},"372":{"start":{"line":373,"column":0},"end":{"line":373,"column":5}},"375":{"start":{"line":376,"column":0},"end":{"line":376,"column":48}},"376":{"start":{"line":377,"column":0},"end":{"line":377,"column":64}},"377":{"start":{"line":378,"column":0},"end":{"line":378,"column":33}},"378":{"start":{"line":379,"column":0},"end":{"line":379,"column":24}},"379":{"start":{"line":380,"column":0},"end":{"line":380,"column":33}},"380":{"start":{"line":381,"column":0},"end":{"line":381,"column":8}},"381":{"start":{"line":382,"column":0},"end":{"line":382,"column":34}},"382":{"start":{"line":383,"column":0},"end":{"line":383,"column":45}},"383":{"start":{"line":384,"column":0},"end":{"line":384,"column":40}},"384":{"start":{"line":385,"column":0},"end":{"line":385,"column":54}},"385":{"start":{"line":386,"column":0},"end":{"line":386,"column":65}},"387":{"start":{"line":388,"column":0},"end":{"line":388,"column":23}},"388":{"start":{"line":389,"column":0},"end":{"line":389,"column":94}},"389":{"start":{"line":390,"column":0},"end":{"line":390,"column":13}},"390":{"start":{"line":391,"column":0},"end":{"line":391,"column":6}},"392":{"start":{"line":393,"column":0},"end":{"line":393,"column":58}},"393":{"start":{"line":394,"column":0},"end":{"line":394,"column":33}},"394":{"start":{"line":395,"column":0},"end":{"line":395,"column":24}},"395":{"start":{"line":396,"column":0},"end":{"line":396,"column":33}},"396":{"start":{"line":397,"column":0},"end":{"line":397,"column":27}},"397":{"start":{"line":398,"column":0},"end":{"line":398,"column":43}},"398":{"start":{"line":399,"column":0},"end":{"line":399,"column":33}},"399":{"start":{"line":400,"column":0},"end":{"line":400,"column":8}},"400":{"start":{"line":401,"column":0},"end":{"line":401,"column":33}},"402":{"start":{"line":403,"column":0},"end":{"line":403,"column":45}},"403":{"start":{"line":404,"column":0},"end":{"line":404,"column":45}},"404":{"start":{"line":405,"column":0},"end":{"line":405,"column":12}},"405":{"start":{"line":406,"column":0},"end":{"line":406,"column":71}},"406":{"start":{"line":407,"column":0},"end":{"line":407,"column":12}},"407":{"start":{"line":408,"column":0},"end":{"line":408,"column":5}},"410":{"start":{"line":411,"column":0},"end":{"line":411,"column":53}},"411":{"start":{"line":412,"column":0},"end":{"line":412,"column":37}},"412":{"start":{"line":413,"column":0},"end":{"line":413,"column":39}},"413":{"start":{"line":414,"column":0},"end":{"line":414,"column":5}},"415":{"start":{"line":416,"column":0},"end":{"line":416,"column":10}},"416":{"start":{"line":417,"column":0},"end":{"line":417,"column":4}},"417":{"start":{"line":418,"column":0},"end":{"line":418,"column":33}},"419":{"start":{"line":420,"column":0},"end":{"line":420,"column":55}},"420":{"start":{"line":421,"column":0},"end":{"line":421,"column":17}},"421":{"start":{"line":422,"column":0},"end":{"line":422,"column":37}},"422":{"start":{"line":423,"column":0},"end":{"line":423,"column":12}},"423":{"start":{"line":424,"column":0},"end":{"line":424,"column":86}},"424":{"start":{"line":425,"column":0},"end":{"line":425,"column":5}},"425":{"start":{"line":426,"column":0},"end":{"line":426,"column":10}},"426":{"start":{"line":427,"column":0},"end":{"line":427,"column":4}},"427":{"start":{"line":428,"column":0},"end":{"line":428,"column":38}},"428":{"start":{"line":429,"column":0},"end":{"line":429,"column":36}},"429":{"start":{"line":430,"column":0},"end":{"line":430,"column":66}},"430":{"start":{"line":431,"column":0},"end":{"line":431,"column":40}},"431":{"start":{"line":432,"column":0},"end":{"line":432,"column":10}},"432":{"start":{"line":433,"column":0},"end":{"line":433,"column":4}},"433":{"start":{"line":434,"column":0},"end":{"line":434,"column":13}},"434":{"start":{"line":435,"column":0},"end":{"line":435,"column":19}},"435":{"start":{"line":436,"column":0},"end":{"line":436,"column":84}},"436":{"start":{"line":437,"column":0},"end":{"line":437,"column":12}},"437":{"start":{"line":438,"column":0},"end":{"line":438,"column":5}},"439":{"start":{"line":440,"column":0},"end":{"line":440,"column":46}},"440":{"start":{"line":441,"column":0},"end":{"line":441,"column":64}},"442":{"start":{"line":443,"column":0},"end":{"line":443,"column":37}},"444":{"start":{"line":445,"column":0},"end":{"line":445,"column":39}},"445":{"start":{"line":446,"column":0},"end":{"line":446,"column":30}},"447":{"start":{"line":448,"column":0},"end":{"line":448,"column":47}},"448":{"start":{"line":449,"column":0},"end":{"line":449,"column":12}},"449":{"start":{"line":450,"column":0},"end":{"line":450,"column":67}},"450":{"start":{"line":451,"column":0},"end":{"line":451,"column":5}},"451":{"start":{"line":452,"column":0},"end":{"line":452,"column":10}},"452":{"start":{"line":453,"column":0},"end":{"line":453,"column":4}},"453":{"start":{"line":454,"column":0},"end":{"line":454,"column":3}},"454":{"start":{"line":455,"column":0},"end":{"line":455,"column":2}},"456":{"start":{"line":457,"column":0},"end":{"line":457,"column":50}},"457":{"start":{"line":458,"column":0},"end":{"line":458,"column":71}},"460":{"start":{"line":461,"column":0},"end":{"line":461,"column":76}},"461":{"start":{"line":462,"column":0},"end":{"line":462,"column":46}},"462":{"start":{"line":463,"column":0},"end":{"line":463,"column":44}},"463":{"start":{"line":464,"column":0},"end":{"line":464,"column":3}},"465":{"start":{"line":466,"column":0},"end":{"line":466,"column":54}},"468":{"start":{"line":469,"column":0},"end":{"line":469,"column":24}},"469":{"start":{"line":470,"column":0},"end":{"line":470,"column":51}},"470":{"start":{"line":471,"column":0},"end":{"line":471,"column":32}},"471":{"start":{"line":472,"column":0},"end":{"line":472,"column":3}},"472":{"start":{"line":473,"column":0},"end":{"line":473,"column":49}},"474":{"start":{"line":475,"column":0},"end":{"line":475,"column":60}},"475":{"start":{"line":476,"column":0},"end":{"line":476,"column":33}},"476":{"start":{"line":477,"column":0},"end":{"line":477,"column":41}},"477":{"start":{"line":478,"column":0},"end":{"line":478,"column":4}},"478":{"start":{"line":479,"column":0},"end":{"line":479,"column":3}},"481":{"start":{"line":482,"column":0},"end":{"line":482,"column":20}},"482":{"start":{"line":483,"column":0},"end":{"line":483,"column":43}},"483":{"start":{"line":484,"column":0},"end":{"line":484,"column":30}},"484":{"start":{"line":485,"column":0},"end":{"line":485,"column":2}},"491":{"start":{"line":492,"column":0},"end":{"line":492,"column":61}},"492":{"start":{"line":493,"column":0},"end":{"line":493,"column":56}},"494":{"start":{"line":495,"column":0},"end":{"line":495,"column":17}},"495":{"start":{"line":496,"column":0},"end":{"line":496,"column":43}},"496":{"start":{"line":497,"column":0},"end":{"line":497,"column":19}},"497":{"start":{"line":498,"column":0},"end":{"line":498,"column":3}},"499":{"start":{"line":500,"column":0},"end":{"line":500,"column":12}},"500":{"start":{"line":501,"column":0},"end":{"line":501,"column":2}},"507":{"start":{"line":508,"column":0},"end":{"line":508,"column":87}},"508":{"start":{"line":509,"column":0},"end":{"line":509,"column":42}},"509":{"start":{"line":510,"column":0},"end":{"line":510,"column":92}},"510":{"start":{"line":511,"column":0},"end":{"line":511,"column":20}},"511":{"start":{"line":512,"column":0},"end":{"line":512,"column":3}},"513":{"start":{"line":514,"column":0},"end":{"line":514,"column":13}},"514":{"start":{"line":515,"column":0},"end":{"line":515,"column":28}},"515":{"start":{"line":516,"column":0},"end":{"line":516,"column":14}},"516":{"start":{"line":517,"column":0},"end":{"line":517,"column":4}},"517":{"start":{"line":518,"column":0},"end":{"line":518,"column":26}},"518":{"start":{"line":519,"column":0},"end":{"line":519,"column":15}},"519":{"start":{"line":520,"column":0},"end":{"line":520,"column":71}},"523":{"start":{"line":524,"column":0},"end":{"line":524,"column":5}},"524":{"start":{"line":525,"column":0},"end":{"line":525,"column":18}},"525":{"start":{"line":526,"column":0},"end":{"line":526,"column":33}},"526":{"start":{"line":527,"column":0},"end":{"line":527,"column":77}},"527":{"start":{"line":528,"column":0},"end":{"line":528,"column":5}},"528":{"start":{"line":529,"column":0},"end":{"line":529,"column":20}},"529":{"start":{"line":530,"column":0},"end":{"line":530,"column":3}},"531":{"start":{"line":532,"column":0},"end":{"line":532,"column":63}},"533":{"start":{"line":534,"column":0},"end":{"line":534,"column":20}},"534":{"start":{"line":535,"column":0},"end":{"line":535,"column":18}},"535":{"start":{"line":536,"column":0},"end":{"line":536,"column":30}},"536":{"start":{"line":537,"column":0},"end":{"line":537,"column":59}},"537":{"start":{"line":538,"column":0},"end":{"line":538,"column":5}},"538":{"start":{"line":539,"column":0},"end":{"line":539,"column":20}},"539":{"start":{"line":540,"column":0},"end":{"line":540,"column":3}},"541":{"start":{"line":542,"column":0},"end":{"line":542,"column":61}},"542":{"start":{"line":543,"column":0},"end":{"line":543,"column":44}},"543":{"start":{"line":544,"column":0},"end":{"line":544,"column":24}},"544":{"start":{"line":545,"column":0},"end":{"line":545,"column":2}},"552":{"start":{"line":553,"column":0},"end":{"line":553,"column":97}},"553":{"start":{"line":554,"column":0},"end":{"line":554,"column":42}},"554":{"start":{"line":555,"column":0},"end":{"line":555,"column":89}},"555":{"start":{"line":556,"column":0},"end":{"line":556,"column":20}},"556":{"start":{"line":557,"column":0},"end":{"line":557,"column":3}},"558":{"start":{"line":559,"column":0},"end":{"line":559,"column":26}},"559":{"start":{"line":560,"column":0},"end":{"line":560,"column":15}},"560":{"start":{"line":561,"column":0},"end":{"line":561,"column":71}},"563":{"start":{"line":564,"column":0},"end":{"line":564,"column":5}},"564":{"start":{"line":565,"column":0},"end":{"line":565,"column":18}},"565":{"start":{"line":566,"column":0},"end":{"line":566,"column":33}},"566":{"start":{"line":567,"column":0},"end":{"line":567,"column":77}},"567":{"start":{"line":568,"column":0},"end":{"line":568,"column":5}},"568":{"start":{"line":569,"column":0},"end":{"line":569,"column":20}},"569":{"start":{"line":570,"column":0},"end":{"line":570,"column":3}},"571":{"start":{"line":572,"column":0},"end":{"line":572,"column":16}},"572":{"start":{"line":573,"column":0},"end":{"line":573,"column":97}},"573":{"start":{"line":574,"column":0},"end":{"line":574,"column":20}},"574":{"start":{"line":575,"column":0},"end":{"line":575,"column":3}},"576":{"start":{"line":577,"column":0},"end":{"line":577,"column":59}},"577":{"start":{"line":578,"column":0},"end":{"line":578,"column":14}},"578":{"start":{"line":579,"column":0},"end":{"line":579,"column":19}},"579":{"start":{"line":580,"column":0},"end":{"line":580,"column":5}},"580":{"start":{"line":581,"column":0},"end":{"line":581,"column":45}},"581":{"start":{"line":582,"column":0},"end":{"line":582,"column":25}},"582":{"start":{"line":583,"column":0},"end":{"line":583,"column":2}},"591":{"start":{"line":592,"column":0},"end":{"line":592,"column":94}},"592":{"start":{"line":593,"column":0},"end":{"line":593,"column":42}},"593":{"start":{"line":594,"column":0},"end":{"line":594,"column":92}},"594":{"start":{"line":595,"column":0},"end":{"line":595,"column":20}},"595":{"start":{"line":596,"column":0},"end":{"line":596,"column":3}},"597":{"start":{"line":598,"column":0},"end":{"line":598,"column":26}},"598":{"start":{"line":599,"column":0},"end":{"line":599,"column":15}},"599":{"start":{"line":600,"column":0},"end":{"line":600,"column":71}},"603":{"start":{"line":604,"column":0},"end":{"line":604,"column":5}},"604":{"start":{"line":605,"column":0},"end":{"line":605,"column":18}},"605":{"start":{"line":606,"column":0},"end":{"line":606,"column":33}},"606":{"start":{"line":607,"column":0},"end":{"line":607,"column":77}},"607":{"start":{"line":608,"column":0},"end":{"line":608,"column":5}},"608":{"start":{"line":609,"column":0},"end":{"line":609,"column":20}},"609":{"start":{"line":610,"column":0},"end":{"line":610,"column":3}},"611":{"start":{"line":612,"column":0},"end":{"line":612,"column":59}},"612":{"start":{"line":613,"column":0},"end":{"line":613,"column":44}},"615":{"start":{"line":616,"column":0},"end":{"line":616,"column":28}},"616":{"start":{"line":617,"column":0},"end":{"line":617,"column":40}},"617":{"start":{"line":618,"column":0},"end":{"line":618,"column":5}},"619":{"start":{"line":620,"column":0},"end":{"line":620,"column":17}},"620":{"start":{"line":621,"column":0},"end":{"line":621,"column":16}},"621":{"start":{"line":622,"column":0},"end":{"line":622,"column":2}},"627":{"start":{"line":628,"column":0},"end":{"line":628,"column":35}},"628":{"start":{"line":629,"column":0},"end":{"line":629,"column":73}},"629":{"start":{"line":630,"column":0},"end":{"line":630,"column":2}},"634":{"start":{"line":635,"column":0},"end":{"line":635,"column":36}},"635":{"start":{"line":636,"column":0},"end":{"line":636,"column":74}},"636":{"start":{"line":637,"column":0},"end":{"line":637,"column":2}},"639":{"start":{"line":640,"column":0},"end":{"line":640,"column":38}},"640":{"start":{"line":641,"column":0},"end":{"line":641,"column":44}},"641":{"start":{"line":642,"column":0},"end":{"line":642,"column":10}},"642":{"start":{"line":643,"column":0},"end":{"line":643,"column":3}},"644":{"start":{"line":645,"column":0},"end":{"line":645,"column":11}},"645":{"start":{"line":646,"column":0},"end":{"line":646,"column":24}},"646":{"start":{"line":647,"column":0},"end":{"line":647,"column":27}},"647":{"start":{"line":648,"column":0},"end":{"line":648,"column":33}},"648":{"start":{"line":649,"column":0},"end":{"line":649,"column":68}},"649":{"start":{"line":650,"column":0},"end":{"line":650,"column":29}},"650":{"start":{"line":651,"column":0},"end":{"line":651,"column":30}},"651":{"start":{"line":652,"column":0},"end":{"line":652,"column":55}},"652":{"start":{"line":653,"column":0},"end":{"line":653,"column":7}},"653":{"start":{"line":654,"column":0},"end":{"line":654,"column":5}},"654":{"start":{"line":655,"column":0},"end":{"line":655,"column":5}},"655":{"start":{"line":656,"column":0},"end":{"line":656,"column":22}},"656":{"start":{"line":657,"column":0},"end":{"line":657,"column":60}},"657":{"start":{"line":658,"column":0},"end":{"line":658,"column":6}},"658":{"start":{"line":659,"column":0},"end":{"line":659,"column":2}},"661":{"start":{"line":662,"column":0},"end":{"line":662,"column":93}},"662":{"start":{"line":663,"column":0},"end":{"line":663,"column":97}},"664":{"start":{"line":665,"column":0},"end":{"line":665,"column":39}},"665":{"start":{"line":666,"column":0},"end":{"line":666,"column":37}},"666":{"start":{"line":667,"column":0},"end":{"line":667,"column":3}},"667":{"start":{"line":668,"column":0},"end":{"line":668,"column":50}},"668":{"start":{"line":669,"column":0},"end":{"line":669,"column":2}},"671":{"start":{"line":672,"column":0},"end":{"line":672,"column":72}},"672":{"start":{"line":673,"column":0},"end":{"line":673,"column":61}},"674":{"start":{"line":675,"column":0},"end":{"line":675,"column":20}},"675":{"start":{"line":676,"column":0},"end":{"line":676,"column":49}},"677":{"start":{"line":678,"column":0},"end":{"line":678,"column":22}},"678":{"start":{"line":679,"column":0},"end":{"line":679,"column":33}},"679":{"start":{"line":680,"column":0},"end":{"line":680,"column":4}},"681":{"start":{"line":682,"column":0},"end":{"line":682,"column":34}},"682":{"start":{"line":683,"column":0},"end":{"line":683,"column":46}},"683":{"start":{"line":684,"column":0},"end":{"line":684,"column":4}},"684":{"start":{"line":685,"column":0},"end":{"line":685,"column":3}},"687":{"start":{"line":688,"column":0},"end":{"line":688,"column":53}},"688":{"start":{"line":689,"column":0},"end":{"line":689,"column":2}},"691":{"start":{"line":692,"column":0},"end":{"line":692,"column":95}},"692":{"start":{"line":693,"column":0},"end":{"line":693,"column":52}},"693":{"start":{"line":694,"column":0},"end":{"line":694,"column":21}},"694":{"start":{"line":695,"column":0},"end":{"line":695,"column":15}},"695":{"start":{"line":696,"column":0},"end":{"line":696,"column":3}},"697":{"start":{"line":698,"column":0},"end":{"line":698,"column":41}},"698":{"start":{"line":699,"column":0},"end":{"line":699,"column":50}},"699":{"start":{"line":700,"column":0},"end":{"line":700,"column":22}},"700":{"start":{"line":701,"column":0},"end":{"line":701,"column":4}},"701":{"start":{"line":702,"column":0},"end":{"line":702,"column":3}},"703":{"start":{"line":704,"column":0},"end":{"line":704,"column":14}},"704":{"start":{"line":705,"column":0},"end":{"line":705,"column":2}},"706":{"start":{"line":707,"column":0},"end":{"line":707,"column":78}},"707":{"start":{"line":708,"column":0},"end":{"line":708,"column":20}},"708":{"start":{"line":709,"column":0},"end":{"line":709,"column":30}},"709":{"start":{"line":710,"column":0},"end":{"line":710,"column":8}},"710":{"start":{"line":711,"column":0},"end":{"line":711,"column":2}},"717":{"start":{"line":718,"column":0},"end":{"line":718,"column":71}},"718":{"start":{"line":719,"column":0},"end":{"line":719,"column":28}},"720":{"start":{"line":721,"column":0},"end":{"line":721,"column":32}},"722":{"start":{"line":723,"column":0},"end":{"line":723,"column":28}},"723":{"start":{"line":724,"column":0},"end":{"line":724,"column":18}},"724":{"start":{"line":725,"column":0},"end":{"line":725,"column":10}},"725":{"start":{"line":726,"column":0},"end":{"line":726,"column":21}},"726":{"start":{"line":727,"column":0},"end":{"line":727,"column":3}},"727":{"start":{"line":728,"column":0},"end":{"line":728,"column":2}},"739":{"start":{"line":740,"column":0},"end":{"line":740,"column":18}},"740":{"start":{"line":741,"column":0},"end":{"line":741,"column":23}},"741":{"start":{"line":742,"column":0},"end":{"line":742,"column":10}},"742":{"start":{"line":743,"column":0},"end":{"line":743,"column":3}},"744":{"start":{"line":745,"column":0},"end":{"line":745,"column":48}},"746":{"start":{"line":747,"column":0},"end":{"line":747,"column":20}},"747":{"start":{"line":748,"column":0},"end":{"line":748,"column":18}},"749":{"start":{"line":750,"column":0},"end":{"line":750,"column":25}},"751":{"start":{"line":752,"column":0},"end":{"line":752,"column":21}},"752":{"start":{"line":753,"column":0},"end":{"line":753,"column":2}},"755":{"start":{"line":756,"column":0},"end":{"line":756,"column":27}},"756":{"start":{"line":757,"column":0},"end":{"line":757,"column":48}},"758":{"start":{"line":759,"column":0},"end":{"line":759,"column":33}},"759":{"start":{"line":760,"column":0},"end":{"line":760,"column":29}},"760":{"start":{"line":761,"column":0},"end":{"line":761,"column":3}},"762":{"start":{"line":763,"column":0},"end":{"line":763,"column":28}},"765":{"start":{"line":766,"column":0},"end":{"line":766,"column":58}},"766":{"start":{"line":767,"column":0},"end":{"line":767,"column":18}},"767":{"start":{"line":768,"column":0},"end":{"line":768,"column":3}},"768":{"start":{"line":769,"column":0},"end":{"line":769,"column":34}},"770":{"start":{"line":771,"column":0},"end":{"line":771,"column":35}},"771":{"start":{"line":772,"column":0},"end":{"line":772,"column":2}},"774":{"start":{"line":775,"column":0},"end":{"line":775,"column":45}},"775":{"start":{"line":776,"column":0},"end":{"line":776,"column":52}},"777":{"start":{"line":778,"column":0},"end":{"line":778,"column":27}},"780":{"start":{"line":781,"column":0},"end":{"line":781,"column":46}},"782":{"start":{"line":783,"column":0},"end":{"line":783,"column":48}},"783":{"start":{"line":784,"column":0},"end":{"line":784,"column":22}},"784":{"start":{"line":785,"column":0},"end":{"line":785,"column":3}},"785":{"start":{"line":786,"column":0},"end":{"line":786,"column":2}},"793":{"start":{"line":794,"column":0},"end":{"line":794,"column":21}},"794":{"start":{"line":795,"column":0},"end":{"line":795,"column":26}},"795":{"start":{"line":796,"column":0},"end":{"line":796,"column":10}},"796":{"start":{"line":797,"column":0},"end":{"line":797,"column":3}},"798":{"start":{"line":799,"column":0},"end":{"line":799,"column":28}},"800":{"start":{"line":801,"column":0},"end":{"line":801,"column":53}},"802":{"start":{"line":803,"column":0},"end":{"line":803,"column":28}},"803":{"start":{"line":804,"column":0},"end":{"line":804,"column":21}},"805":{"start":{"line":806,"column":0},"end":{"line":806,"column":22}},"807":{"start":{"line":808,"column":0},"end":{"line":808,"column":33}},"808":{"start":{"line":809,"column":0},"end":{"line":809,"column":18}},"810":{"start":{"line":811,"column":0},"end":{"line":811,"column":40}},"811":{"start":{"line":812,"column":0},"end":{"line":812,"column":2}},"820":{"start":{"line":821,"column":0},"end":{"line":821,"column":20}},"821":{"start":{"line":822,"column":0},"end":{"line":822,"column":45}},"822":{"start":{"line":823,"column":0},"end":{"line":823,"column":81}},"823":{"start":{"line":824,"column":0},"end":{"line":824,"column":30}},"824":{"start":{"line":825,"column":0},"end":{"line":825,"column":41}},"825":{"start":{"line":826,"column":0},"end":{"line":826,"column":30}},"826":{"start":{"line":827,"column":0},"end":{"line":827,"column":95}},"827":{"start":{"line":828,"column":0},"end":{"line":828,"column":48}},"829":{"start":{"line":830,"column":0},"end":{"line":830,"column":82}},"830":{"start":{"line":831,"column":0},"end":{"line":831,"column":10}},"831":{"start":{"line":832,"column":0},"end":{"line":832,"column":19}},"832":{"start":{"line":833,"column":0},"end":{"line":833,"column":89}},"833":{"start":{"line":834,"column":0},"end":{"line":834,"column":5}},"834":{"start":{"line":835,"column":0},"end":{"line":835,"column":3}},"835":{"start":{"line":836,"column":0},"end":{"line":836,"column":2}},"843":{"start":{"line":844,"column":0},"end":{"line":844,"column":44}},"844":{"start":{"line":845,"column":0},"end":{"line":845,"column":11}},"845":{"start":{"line":846,"column":0},"end":{"line":846,"column":18}},"846":{"start":{"line":847,"column":0},"end":{"line":847,"column":30}},"847":{"start":{"line":848,"column":0},"end":{"line":848,"column":73}},"848":{"start":{"line":849,"column":0},"end":{"line":849,"column":2}},"849":{"start":{"line":850,"column":0},"end":{"line":850,"column":1}}},"s":{"0":1,"1":1,"2":1,"3":1,"5":1,"6":1,"7":1,"8":1,"9":1,"17":1,"18":1,"20":1,"24":0,"29":0,"33":0,"37":0,"43":0,"44":0,"51":0,"58":0,"59":0,"60":0,"61":0,"62":0,"64":0,"66":0,"68":0,"69":0,"115":1,"116":182,"118":182,"119":182,"120":182,"121":182,"122":182,"124":182,"125":182,"126":182,"127":182,"128":182,"130":182,"131":182,"134":182,"135":182,"136":182,"137":182,"138":182,"139":182,"146":182,"147":645,"148":645,"150":182,"151":299,"152":299,"154":182,"155":23,"156":23,"161":182,"162":592,"163":592,"170":182,"171":13,"173":13,"174":9,"175":9,"177":13,"178":13,"183":182,"184":199,"185":199,"189":182,"190":327,"191":327,"213":182,"214":169,"216":169,"219":169,"220":3,"221":169,"222":164,"223":164,"226":169,"227":169,"228":169,"229":169,"230":169,"231":169,"232":169,"233":169,"234":169,"235":169,"236":169,"237":169,"238":169,"239":169,"242":169,"243":1,"244":1,"247":169,"248":169,"249":1,"250":1,"251":169,"252":1,"253":1,"254":169,"257":169,"258":165,"259":169,"260":4,"261":4,"263":169,"264":1,"265":1,"267":169,"269":169,"270":169,"274":169,"275":0,"276":0,"277":0,"278":0,"279":0,"280":0,"283":169,"284":1,"285":1,"286":1,"288":169,"289":163,"290":169,"291":5,"292":5,"293":5,"294":5,"295":5,"296":169,"298":182,"299":169,"300":169,"301":169,"302":169,"303":169,"304":169,"305":169,"306":169,"308":169,"309":147,"310":169,"312":169,"313":0,"314":169,"316":169,"317":1,"318":0,"319":0,"321":1,"322":1,"323":169,"325":169,"326":169,"329":182,"330":167,"331":167,"332":167,"335":182,"336":173,"337":173,"338":173,"340":173,"341":173,"342":147,"343":147,"344":147,"345":147,"346":147,"347":173,"348":1,"349":1,"350":173,"351":1,"352":1,"353":173,"354":1,"355":1,"356":173,"357":1,"358":1,"359":1,"360":1,"361":173,"362":1,"363":1,"364":173,"366":16,"367":16,"369":16,"370":1,"371":1,"372":1,"375":16,"376":9,"377":9,"378":9,"379":9,"380":9,"381":9,"382":9,"383":9,"384":16,"385":6,"387":6,"388":1,"389":1,"390":1,"392":5,"393":5,"394":5,"395":5,"396":5,"397":5,"398":5,"399":5,"400":5,"402":5,"403":5,"404":7,"405":1,"406":1,"407":1,"410":14,"411":16,"412":1,"413":1,"415":14,"416":14,"417":173,"419":0,"420":0,"421":0,"422":0,"423":0,"424":0,"425":0,"426":0,"427":173,"428":0,"429":0,"430":0,"431":0,"432":0,"433":173,"434":5,"435":1,"436":1,"437":1,"439":4,"440":4,"442":5,"444":0,"445":5,"447":3,"448":4,"449":1,"450":1,"451":4,"452":4,"453":173,"454":173,"456":182,"457":182,"460":182,"461":4,"462":4,"463":4,"465":4,"468":4,"469":4,"470":4,"471":4,"472":4,"474":0,"475":0,"476":0,"477":0,"478":0,"481":4,"482":0,"483":4,"484":4,"491":182,"492":24,"494":24,"495":4,"496":4,"497":4,"499":20,"500":24,"507":182,"508":95,"509":1,"510":1,"511":1,"513":94,"514":94,"515":94,"516":94,"517":95,"518":1,"519":1,"523":1,"524":1,"525":1,"526":1,"527":1,"528":1,"529":1,"531":93,"533":95,"534":1,"535":1,"536":1,"537":1,"538":1,"539":1,"541":92,"542":92,"543":92,"544":95,"552":182,"553":26,"554":1,"555":1,"556":1,"558":25,"559":1,"560":1,"563":1,"564":1,"565":1,"566":1,"567":1,"568":1,"569":1,"571":25,"572":1,"573":1,"574":1,"576":23,"577":23,"578":23,"579":23,"580":23,"581":23,"582":26,"591":182,"592":0,"593":0,"594":0,"595":0,"597":0,"598":0,"599":0,"603":0,"604":0,"605":0,"606":0,"607":0,"608":0,"609":0,"611":0,"612":0,"615":0,"616":0,"617":0,"619":0,"620":0,"621":0,"627":182,"628":0,"629":0,"634":182,"635":0,"636":0,"639":182,"640":147,"641":147,"642":147,"644":0,"645":0,"646":0,"647":0,"648":0,"649":0,"650":0,"651":0,"652":0,"653":0,"654":0,"655":0,"656":0,"657":0,"658":147,"661":182,"662":129,"664":129,"665":127,"666":127,"667":129,"668":129,"671":182,"672":129,"674":129,"675":129,"677":129,"678":129,"679":129,"681":129,"682":127,"683":127,"684":129,"687":129,"688":129,"691":182,"692":28,"693":28,"694":21,"695":21,"697":7,"698":7,"699":6,"700":6,"701":7,"703":1,"704":28,"706":182,"707":1,"708":1,"709":1,"710":1,"717":182,"718":7,"720":7,"722":7,"723":4,"724":7,"725":3,"726":3,"727":7,"739":182,"740":172,"741":3,"742":3,"744":169,"746":169,"747":169,"749":169,"751":169,"752":172,"755":182,"756":169,"758":169,"759":88,"760":88,"762":169,"765":169,"766":0,"767":0,"768":169,"770":169,"771":169,"774":182,"775":89,"777":89,"780":89,"782":89,"783":90,"784":90,"785":89,"793":182,"794":181,"795":8,"796":8,"798":173,"800":173,"802":173,"803":173,"805":173,"807":173,"808":173,"810":173,"811":181,"820":182,"821":6,"822":4,"823":4,"824":4,"825":6,"826":1,"827":1,"829":0,"830":1,"831":1,"832":1,"833":1,"834":1,"835":6,"843":182,"844":2,"845":2,"846":2,"847":2,"848":2,"849":182},"branchMap":{"0":{"type":"branch","line":21,"loc":{"start":{"line":21,"column":44},"end":{"line":70,"column":1}},"locations":[{"start":{"line":21,"column":44},"end":{"line":70,"column":1}}]},"1":{"type":"branch","line":116,"loc":{"start":{"line":116,"column":81},"end":{"line":850,"column":1}},"locations":[{"start":{"line":116,"column":81},"end":{"line":850,"column":1}}]},"2":{"type":"branch","line":147,"loc":{"start":{"line":147,"column":1},"end":{"line":149,"column":2}},"locations":[{"start":{"line":147,"column":1},"end":{"line":149,"column":2}}]},"3":{"type":"branch","line":151,"loc":{"start":{"line":151,"column":1},"end":{"line":153,"column":2}},"locations":[{"start":{"line":151,"column":1},"end":{"line":153,"column":2}}]},"4":{"type":"branch","line":155,"loc":{"start":{"line":155,"column":1},"end":{"line":157,"column":2}},"locations":[{"start":{"line":155,"column":1},"end":{"line":157,"column":2}}]},"5":{"type":"branch","line":162,"loc":{"start":{"line":162,"column":1},"end":{"line":164,"column":2}},"locations":[{"start":{"line":162,"column":1},"end":{"line":164,"column":2}}]},"6":{"type":"branch","line":171,"loc":{"start":{"line":171,"column":1},"end":{"line":179,"column":2}},"locations":[{"start":{"line":171,"column":1},"end":{"line":179,"column":2}}]},"7":{"type":"branch","line":174,"loc":{"start":{"line":174,"column":42},"end":{"line":176,"column":3}},"locations":[{"start":{"line":174,"column":42},"end":{"line":176,"column":3}}]},"8":{"type":"branch","line":184,"loc":{"start":{"line":184,"column":1},"end":{"line":186,"column":2}},"locations":[{"start":{"line":184,"column":1},"end":{"line":186,"column":2}}]},"9":{"type":"branch","line":190,"loc":{"start":{"line":190,"column":1},"end":{"line":192,"column":2}},"locations":[{"start":{"line":190,"column":1},"end":{"line":192,"column":2}}]},"10":{"type":"branch","line":214,"loc":{"start":{"line":214,"column":1},"end":{"line":297,"column":2}},"locations":[{"start":{"line":214,"column":1},"end":{"line":297,"column":2}}]},"11":{"type":"branch","line":220,"loc":{"start":{"line":220,"column":6},"end":{"line":220,"column":38}},"locations":[{"start":{"line":220,"column":6},"end":{"line":220,"column":38}}]},"12":{"type":"branch","line":220,"loc":{"start":{"line":220,"column":26},"end":{"line":220,"column":65}},"locations":[{"start":{"line":220,"column":26},"end":{"line":220,"column":65}}]},"13":{"type":"branch","line":220,"loc":{"start":{"line":220,"column":65},"end":{"line":222,"column":13}},"locations":[{"start":{"line":220,"column":65},"end":{"line":222,"column":13}}]},"14":{"type":"branch","line":222,"loc":{"start":{"line":222,"column":2},"end":{"line":224,"column":3}},"locations":[{"start":{"line":222,"column":2},"end":{"line":224,"column":3}}]},"15":{"type":"branch","line":222,"loc":{"start":{"line":222,"column":17},"end":{"line":224,"column":3}},"locations":[{"start":{"line":222,"column":17},"end":{"line":224,"column":3}}]},"16":{"type":"branch","line":243,"loc":{"start":{"line":243,"column":34},"end":{"line":245,"column":3}},"locations":[{"start":{"line":243,"column":34},"end":{"line":245,"column":3}}]},"17":{"type":"branch","line":244,"loc":{"start":{"line":244,"column":72},"end":{"line":244,"column":95}},"locations":[{"start":{"line":244,"column":72},"end":{"line":244,"column":95}}]},"18":{"type":"branch","line":249,"loc":{"start":{"line":249,"column":38},"end":{"line":251,"column":4}},"locations":[{"start":{"line":249,"column":38},"end":{"line":251,"column":4}}]},"19":{"type":"branch","line":252,"loc":{"start":{"line":252,"column":66},"end":{"line":254,"column":4}},"locations":[{"start":{"line":252,"column":66},"end":{"line":254,"column":4}}]},"20":{"type":"branch","line":258,"loc":{"start":{"line":258,"column":84},"end":{"line":260,"column":13}},"locations":[{"start":{"line":258,"column":84},"end":{"line":260,"column":13}}]},"21":{"type":"branch","line":260,"loc":{"start":{"line":260,"column":2},"end":{"line":262,"column":3}},"locations":[{"start":{"line":260,"column":2},"end":{"line":262,"column":3}}]},"22":{"type":"branch","line":264,"loc":{"start":{"line":264,"column":33},"end":{"line":266,"column":3}},"locations":[{"start":{"line":264,"column":33},"end":{"line":266,"column":3}}]},"23":{"type":"branch","line":275,"loc":{"start":{"line":275,"column":21},"end":{"line":275,"column":56}},"locations":[{"start":{"line":275,"column":21},"end":{"line":275,"column":56}}]},"24":{"type":"branch","line":275,"loc":{"start":{"line":275,"column":56},"end":{"line":281,"column":3}},"locations":[{"start":{"line":275,"column":56},"end":{"line":281,"column":3}}]},"25":{"type":"branch","line":284,"loc":{"start":{"line":284,"column":8},"end":{"line":284,"column":44}},"locations":[{"start":{"line":284,"column":8},"end":{"line":284,"column":44}}]},"26":{"type":"branch","line":284,"loc":{"start":{"line":284,"column":44},"end":{"line":287,"column":3}},"locations":[{"start":{"line":284,"column":44},"end":{"line":287,"column":3}}]},"27":{"type":"branch","line":287,"loc":{"start":{"line":287,"column":2},"end":{"line":289,"column":14}},"locations":[{"start":{"line":287,"column":2},"end":{"line":289,"column":14}}]},"28":{"type":"branch","line":289,"loc":{"start":{"line":289,"column":14},"end":{"line":291,"column":9}},"locations":[{"start":{"line":289,"column":14},"end":{"line":291,"column":9}}]},"29":{"type":"branch","line":291,"loc":{"start":{"line":291,"column":2},"end":{"line":296,"column":3}},"locations":[{"start":{"line":291,"column":2},"end":{"line":296,"column":3}}]},"30":{"type":"branch","line":295,"loc":{"start":{"line":295,"column":11},"end":{"line":295,"column":69}},"locations":[{"start":{"line":295,"column":11},"end":{"line":295,"column":69}}]},"31":{"type":"branch","line":299,"loc":{"start":{"line":299,"column":9},"end":{"line":327,"column":2}},"locations":[{"start":{"line":299,"column":9},"end":{"line":327,"column":2}}]},"32":{"type":"branch","line":301,"loc":{"start":{"line":301,"column":17},"end":{"line":301,"column":33}},"locations":[{"start":{"line":301,"column":17},"end":{"line":301,"column":33}}]},"33":{"type":"branch","line":309,"loc":{"start":{"line":309,"column":37},"end":{"line":311,"column":3}},"locations":[{"start":{"line":309,"column":37},"end":{"line":311,"column":3}}]},"34":{"type":"branch","line":317,"loc":{"start":{"line":317,"column":42},"end":{"line":324,"column":3}},"locations":[{"start":{"line":317,"column":42},"end":{"line":324,"column":3}}]},"35":{"type":"branch","line":318,"loc":{"start":{"line":318,"column":26},"end":{"line":320,"column":4}},"locations":[{"start":{"line":318,"column":26},"end":{"line":320,"column":4}}]},"36":{"type":"branch","line":330,"loc":{"start":{"line":330,"column":9},"end":{"line":333,"column":2}},"locations":[{"start":{"line":330,"column":9},"end":{"line":333,"column":2}}]},"37":{"type":"branch","line":336,"loc":{"start":{"line":336,"column":9},"end":{"line":455,"column":2}},"locations":[{"start":{"line":336,"column":9},"end":{"line":455,"column":2}}]},"38":{"type":"branch","line":342,"loc":{"start":{"line":342,"column":3},"end":{"line":347,"column":10}},"locations":[{"start":{"line":342,"column":3},"end":{"line":347,"column":10}}]},"39":{"type":"branch","line":348,"loc":{"start":{"line":348,"column":3},"end":{"line":350,"column":10}},"locations":[{"start":{"line":348,"column":3},"end":{"line":350,"column":10}}]},"40":{"type":"branch","line":351,"loc":{"start":{"line":351,"column":3},"end":{"line":353,"column":10}},"locations":[{"start":{"line":351,"column":3},"end":{"line":353,"column":10}}]},"41":{"type":"branch","line":354,"loc":{"start":{"line":354,"column":3},"end":{"line":356,"column":10}},"locations":[{"start":{"line":354,"column":3},"end":{"line":356,"column":10}}]},"42":{"type":"branch","line":357,"loc":{"start":{"line":357,"column":3},"end":{"line":361,"column":10}},"locations":[{"start":{"line":357,"column":3},"end":{"line":361,"column":10}}]},"43":{"type":"branch","line":362,"loc":{"start":{"line":362,"column":3},"end":{"line":364,"column":10}},"locations":[{"start":{"line":362,"column":3},"end":{"line":364,"column":10}}]},"44":{"type":"branch","line":365,"loc":{"start":{"line":365,"column":3},"end":{"line":417,"column":4}},"locations":[{"start":{"line":365,"column":3},"end":{"line":417,"column":4}}]},"45":{"type":"branch","line":370,"loc":{"start":{"line":370,"column":20},"end":{"line":373,"column":5}},"locations":[{"start":{"line":370,"column":20},"end":{"line":373,"column":5}}]},"46":{"type":"branch","line":376,"loc":{"start":{"line":376,"column":47},"end":{"line":385,"column":15}},"locations":[{"start":{"line":376,"column":47},"end":{"line":385,"column":15}}]},"47":{"type":"branch","line":385,"loc":{"start":{"line":385,"column":4},"end":{"line":408,"column":5}},"locations":[{"start":{"line":385,"column":4},"end":{"line":408,"column":5}}]},"48":{"type":"branch","line":385,"loc":{"start":{"line":385,"column":53},"end":{"line":405,"column":11}},"locations":[{"start":{"line":385,"column":53},"end":{"line":405,"column":11}}]},"49":{"type":"branch","line":388,"loc":{"start":{"line":388,"column":22},"end":{"line":405,"column":11}},"locations":[{"start":{"line":388,"column":22},"end":{"line":405,"column":11}}]},"50":{"type":"branch","line":388,"loc":{"start":{"line":388,"column":22},"end":{"line":391,"column":6}},"locations":[{"start":{"line":388,"column":22},"end":{"line":391,"column":6}}]},"51":{"type":"branch","line":405,"loc":{"start":{"line":405,"column":4},"end":{"line":408,"column":5}},"locations":[{"start":{"line":405,"column":4},"end":{"line":408,"column":5}}]},"52":{"type":"branch","line":408,"loc":{"start":{"line":408,"column":4},"end":{"line":412,"column":36}},"locations":[{"start":{"line":408,"column":4},"end":{"line":412,"column":36}}]},"53":{"type":"branch","line":412,"loc":{"start":{"line":412,"column":36},"end":{"line":414,"column":5}},"locations":[{"start":{"line":412,"column":36},"end":{"line":414,"column":5}}]},"54":{"type":"branch","line":414,"loc":{"start":{"line":414,"column":4},"end":{"line":417,"column":4}},"locations":[{"start":{"line":414,"column":4},"end":{"line":417,"column":4}}]},"55":{"type":"branch","line":418,"loc":{"start":{"line":418,"column":3},"end":{"line":427,"column":4}},"locations":[{"start":{"line":418,"column":3},"end":{"line":427,"column":4}}]},"56":{"type":"branch","line":428,"loc":{"start":{"line":428,"column":3},"end":{"line":433,"column":4}},"locations":[{"start":{"line":428,"column":3},"end":{"line":433,"column":4}}]},"57":{"type":"branch","line":434,"loc":{"start":{"line":434,"column":3},"end":{"line":453,"column":4}},"locations":[{"start":{"line":434,"column":3},"end":{"line":453,"column":4}}]},"58":{"type":"branch","line":435,"loc":{"start":{"line":435,"column":18},"end":{"line":438,"column":5}},"locations":[{"start":{"line":435,"column":18},"end":{"line":438,"column":5}}]},"59":{"type":"branch","line":438,"loc":{"start":{"line":438,"column":4},"end":{"line":443,"column":20}},"locations":[{"start":{"line":438,"column":4},"end":{"line":443,"column":20}}]},"60":{"type":"branch","line":443,"loc":{"start":{"line":443,"column":8},"end":{"line":443,"column":36}},"locations":[{"start":{"line":443,"column":8},"end":{"line":443,"column":36}}]},"61":{"type":"branch","line":443,"loc":{"start":{"line":443,"column":36},"end":{"line":446,"column":15}},"locations":[{"start":{"line":443,"column":36},"end":{"line":446,"column":15}}]},"62":{"type":"branch","line":446,"loc":{"start":{"line":446,"column":4},"end":{"line":453,"column":4}},"locations":[{"start":{"line":446,"column":4},"end":{"line":453,"column":4}}]},"63":{"type":"branch","line":446,"loc":{"start":{"line":446,"column":29},"end":{"line":449,"column":11}},"locations":[{"start":{"line":446,"column":29},"end":{"line":449,"column":11}}]},"64":{"type":"branch","line":449,"loc":{"start":{"line":449,"column":4},"end":{"line":451,"column":5}},"locations":[{"start":{"line":449,"column":4},"end":{"line":451,"column":5}}]},"65":{"type":"branch","line":461,"loc":{"start":{"line":461,"column":9},"end":{"line":485,"column":2}},"locations":[{"start":{"line":461,"column":9},"end":{"line":485,"column":2}}]},"66":{"type":"branch","line":473,"loc":{"start":{"line":473,"column":48},"end":{"line":479,"column":3}},"locations":[{"start":{"line":473,"column":48},"end":{"line":479,"column":3}}]},"67":{"type":"branch","line":492,"loc":{"start":{"line":492,"column":8},"end":{"line":501,"column":2}},"locations":[{"start":{"line":492,"column":8},"end":{"line":501,"column":2}}]},"68":{"type":"branch","line":495,"loc":{"start":{"line":495,"column":16},"end":{"line":498,"column":3}},"locations":[{"start":{"line":495,"column":16},"end":{"line":498,"column":3}}]},"69":{"type":"branch","line":498,"loc":{"start":{"line":498,"column":2},"end":{"line":500,"column":12}},"locations":[{"start":{"line":498,"column":2},"end":{"line":500,"column":12}}]},"70":{"type":"branch","line":508,"loc":{"start":{"line":508,"column":1},"end":{"line":545,"column":2}},"locations":[{"start":{"line":508,"column":1},"end":{"line":545,"column":2}}]},"71":{"type":"branch","line":509,"loc":{"start":{"line":509,"column":7},"end":{"line":509,"column":41}},"locations":[{"start":{"line":509,"column":7},"end":{"line":509,"column":41}}]},"72":{"type":"branch","line":509,"loc":{"start":{"line":509,"column":41},"end":{"line":512,"column":3}},"locations":[{"start":{"line":509,"column":41},"end":{"line":512,"column":3}}]},"73":{"type":"branch","line":512,"loc":{"start":{"line":512,"column":2},"end":{"line":518,"column":25}},"locations":[{"start":{"line":512,"column":2},"end":{"line":518,"column":25}}]},"74":{"type":"branch","line":518,"loc":{"start":{"line":518,"column":25},"end":{"line":530,"column":3}},"locations":[{"start":{"line":518,"column":25},"end":{"line":530,"column":3}}]},"75":{"type":"branch","line":530,"loc":{"start":{"line":530,"column":2},"end":{"line":534,"column":19}},"locations":[{"start":{"line":530,"column":2},"end":{"line":534,"column":19}}]},"76":{"type":"branch","line":534,"loc":{"start":{"line":534,"column":19},"end":{"line":540,"column":3}},"locations":[{"start":{"line":534,"column":19},"end":{"line":540,"column":3}}]},"77":{"type":"branch","line":540,"loc":{"start":{"line":540,"column":2},"end":{"line":544,"column":24}},"locations":[{"start":{"line":540,"column":2},"end":{"line":544,"column":24}}]},"78":{"type":"branch","line":553,"loc":{"start":{"line":553,"column":1},"end":{"line":583,"column":2}},"locations":[{"start":{"line":553,"column":1},"end":{"line":583,"column":2}}]},"79":{"type":"branch","line":554,"loc":{"start":{"line":554,"column":7},"end":{"line":554,"column":41}},"locations":[{"start":{"line":554,"column":7},"end":{"line":554,"column":41}}]},"80":{"type":"branch","line":554,"loc":{"start":{"line":554,"column":41},"end":{"line":557,"column":3}},"locations":[{"start":{"line":554,"column":41},"end":{"line":557,"column":3}}]},"81":{"type":"branch","line":557,"loc":{"start":{"line":557,"column":2},"end":{"line":582,"column":25}},"locations":[{"start":{"line":557,"column":2},"end":{"line":582,"column":25}}]},"82":{"type":"branch","line":559,"loc":{"start":{"line":559,"column":25},"end":{"line":570,"column":3}},"locations":[{"start":{"line":559,"column":25},"end":{"line":570,"column":3}}]},"83":{"type":"branch","line":570,"loc":{"start":{"line":570,"column":2},"end":{"line":572,"column":15}},"locations":[{"start":{"line":570,"column":2},"end":{"line":572,"column":15}}]},"84":{"type":"branch","line":572,"loc":{"start":{"line":572,"column":15},"end":{"line":575,"column":3}},"locations":[{"start":{"line":572,"column":15},"end":{"line":575,"column":3}}]},"85":{"type":"branch","line":575,"loc":{"start":{"line":575,"column":2},"end":{"line":582,"column":25}},"locations":[{"start":{"line":575,"column":2},"end":{"line":582,"column":25}}]},"86":{"type":"branch","line":640,"loc":{"start":{"line":640,"column":9},"end":{"line":659,"column":2}},"locations":[{"start":{"line":640,"column":9},"end":{"line":659,"column":2}}]},"87":{"type":"branch","line":643,"loc":{"start":{"line":643,"column":2},"end":{"line":658,"column":6}},"locations":[{"start":{"line":643,"column":2},"end":{"line":658,"column":6}}]},"88":{"type":"branch","line":662,"loc":{"start":{"line":662,"column":9},"end":{"line":669,"column":2}},"locations":[{"start":{"line":662,"column":9},"end":{"line":669,"column":2}}]},"89":{"type":"branch","line":665,"loc":{"start":{"line":665,"column":38},"end":{"line":667,"column":3}},"locations":[{"start":{"line":665,"column":38},"end":{"line":667,"column":3}}]},"90":{"type":"branch","line":672,"loc":{"start":{"line":672,"column":1},"end":{"line":689,"column":2}},"locations":[{"start":{"line":672,"column":1},"end":{"line":689,"column":2}}]},"91":{"type":"branch","line":682,"loc":{"start":{"line":682,"column":33},"end":{"line":684,"column":4}},"locations":[{"start":{"line":682,"column":33},"end":{"line":684,"column":4}}]},"92":{"type":"branch","line":692,"loc":{"start":{"line":692,"column":1},"end":{"line":705,"column":2}},"locations":[{"start":{"line":692,"column":1},"end":{"line":705,"column":2}}]},"93":{"type":"branch","line":694,"loc":{"start":{"line":694,"column":20},"end":{"line":702,"column":3}},"locations":[{"start":{"line":694,"column":20},"end":{"line":702,"column":3}}]},"94":{"type":"branch","line":694,"loc":{"start":{"line":694,"column":20},"end":{"line":696,"column":3}},"locations":[{"start":{"line":694,"column":20},"end":{"line":696,"column":3}}]},"95":{"type":"branch","line":696,"loc":{"start":{"line":696,"column":2},"end":{"line":702,"column":3}},"locations":[{"start":{"line":696,"column":2},"end":{"line":702,"column":3}}]},"96":{"type":"branch","line":699,"loc":{"start":{"line":699,"column":49},"end":{"line":701,"column":4}},"locations":[{"start":{"line":699,"column":49},"end":{"line":701,"column":4}}]},"97":{"type":"branch","line":702,"loc":{"start":{"line":702,"column":2},"end":{"line":704,"column":14}},"locations":[{"start":{"line":702,"column":2},"end":{"line":704,"column":14}}]},"98":{"type":"branch","line":707,"loc":{"start":{"line":707,"column":9},"end":{"line":711,"column":2}},"locations":[{"start":{"line":707,"column":9},"end":{"line":711,"column":2}}]},"99":{"type":"branch","line":708,"loc":{"start":{"line":708,"column":13},"end":{"line":710,"column":5}},"locations":[{"start":{"line":708,"column":13},"end":{"line":710,"column":5}}]},"100":{"type":"branch","line":718,"loc":{"start":{"line":718,"column":9},"end":{"line":728,"column":2}},"locations":[{"start":{"line":718,"column":9},"end":{"line":728,"column":2}}]},"101":{"type":"branch","line":723,"loc":{"start":{"line":723,"column":27},"end":{"line":725,"column":9}},"locations":[{"start":{"line":723,"column":27},"end":{"line":725,"column":9}}]},"102":{"type":"branch","line":725,"loc":{"start":{"line":725,"column":2},"end":{"line":727,"column":3}},"locations":[{"start":{"line":725,"column":2},"end":{"line":727,"column":3}}]},"103":{"type":"branch","line":740,"loc":{"start":{"line":740,"column":1},"end":{"line":753,"column":2}},"locations":[{"start":{"line":740,"column":1},"end":{"line":753,"column":2}}]},"104":{"type":"branch","line":741,"loc":{"start":{"line":741,"column":22},"end":{"line":743,"column":3}},"locations":[{"start":{"line":741,"column":22},"end":{"line":743,"column":3}}]},"105":{"type":"branch","line":743,"loc":{"start":{"line":743,"column":2},"end":{"line":752,"column":21}},"locations":[{"start":{"line":743,"column":2},"end":{"line":752,"column":21}}]},"106":{"type":"branch","line":756,"loc":{"start":{"line":756,"column":9},"end":{"line":772,"column":2}},"locations":[{"start":{"line":756,"column":9},"end":{"line":772,"column":2}}]},"107":{"type":"branch","line":759,"loc":{"start":{"line":759,"column":32},"end":{"line":761,"column":3}},"locations":[{"start":{"line":759,"column":32},"end":{"line":761,"column":3}}]},"108":{"type":"branch","line":766,"loc":{"start":{"line":766,"column":57},"end":{"line":768,"column":3}},"locations":[{"start":{"line":766,"column":57},"end":{"line":768,"column":3}}]},"109":{"type":"branch","line":775,"loc":{"start":{"line":775,"column":9},"end":{"line":786,"column":2}},"locations":[{"start":{"line":775,"column":9},"end":{"line":786,"column":2}}]},"110":{"type":"branch","line":778,"loc":{"start":{"line":778,"column":20},"end":{"line":778,"column":27}},"locations":[{"start":{"line":778,"column":20},"end":{"line":778,"column":27}}]},"111":{"type":"branch","line":783,"loc":{"start":{"line":783,"column":47},"end":{"line":785,"column":3}},"locations":[{"start":{"line":783,"column":47},"end":{"line":785,"column":3}}]},"112":{"type":"branch","line":794,"loc":{"start":{"line":794,"column":1},"end":{"line":812,"column":2}},"locations":[{"start":{"line":794,"column":1},"end":{"line":812,"column":2}}]},"113":{"type":"branch","line":795,"loc":{"start":{"line":795,"column":25},"end":{"line":797,"column":3}},"locations":[{"start":{"line":795,"column":25},"end":{"line":797,"column":3}}]},"114":{"type":"branch","line":797,"loc":{"start":{"line":797,"column":2},"end":{"line":811,"column":40}},"locations":[{"start":{"line":797,"column":2},"end":{"line":811,"column":40}}]},"115":{"type":"branch","line":821,"loc":{"start":{"line":821,"column":1},"end":{"line":836,"column":2}},"locations":[{"start":{"line":821,"column":1},"end":{"line":836,"column":2}}]},"116":{"type":"branch","line":822,"loc":{"start":{"line":822,"column":11},"end":{"line":822,"column":44}},"locations":[{"start":{"line":822,"column":11},"end":{"line":822,"column":44}}]},"117":{"type":"branch","line":822,"loc":{"start":{"line":822,"column":44},"end":{"line":826,"column":13}},"locations":[{"start":{"line":822,"column":44},"end":{"line":826,"column":13}}]},"118":{"type":"branch","line":826,"loc":{"start":{"line":826,"column":2},"end":{"line":835,"column":3}},"locations":[{"start":{"line":826,"column":2},"end":{"line":835,"column":3}}]},"119":{"type":"branch","line":826,"loc":{"start":{"line":826,"column":29},"end":{"line":835,"column":3}},"locations":[{"start":{"line":826,"column":29},"end":{"line":835,"column":3}}]},"120":{"type":"branch","line":828,"loc":{"start":{"line":828,"column":47},"end":{"line":831,"column":9}},"locations":[{"start":{"line":828,"column":47},"end":{"line":831,"column":9}}]},"121":{"type":"branch","line":844,"loc":{"start":{"line":844,"column":1},"end":{"line":849,"column":2}},"locations":[{"start":{"line":844,"column":1},"end":{"line":849,"column":2}}]},"122":{"type":"branch","line":847,"loc":{"start":{"line":847,"column":9},"end":{"line":847,"column":29}},"locations":[{"start":{"line":847,"column":9},"end":{"line":847,"column":29}}]},"123":{"type":"branch","line":848,"loc":{"start":{"line":848,"column":10},"end":{"line":848,"column":71}},"locations":[{"start":{"line":848,"column":10},"end":{"line":848,"column":71}}]}},"b":{"0":[0],"1":[182],"2":[645],"3":[299],"4":[23],"5":[592],"6":[13],"7":[9],"8":[199],"9":[327],"10":[169],"11":[167],"12":[3],"13":[3],"14":[166],"15":[164],"16":[1],"17":[0],"18":[1],"19":[1],"20":[165],"21":[4],"22":[1],"23":[0],"24":[0],"25":[164],"26":[1],"27":[168],"28":[163],"29":[5],"30":[3],"31":[169],"32":[0],"33":[147],"34":[1],"35":[0],"36":[167],"37":[173],"38":[147],"39":[1],"40":[1],"41":[1],"42":[1],"43":[1],"44":[16],"45":[1],"46":[9],"47":[7],"48":[6],"49":[5],"50":[1],"51":[1],"52":[14],"53":[1],"54":[14],"55":[0],"56":[0],"57":[5],"58":[1],"59":[4],"60":[0],"61":[0],"62":[4],"63":[3],"64":[1],"65":[4],"66":[0],"67":[24],"68":[4],"69":[20],"70":[95],"71":[94],"72":[1],"73":[94],"74":[1],"75":[93],"76":[1],"77":[92],"78":[26],"79":[25],"80":[1],"81":[25],"82":[1],"83":[24],"84":[1],"85":[23],"86":[147],"87":[0],"88":[129],"89":[127],"90":[129],"91":[127],"92":[28],"93":[27],"94":[21],"95":[7],"96":[6],"97":[1],"98":[1],"99":[1],"100":[7],"101":[4],"102":[3],"103":[172],"104":[3],"105":[169],"106":[169],"107":[88],"108":[0],"109":[89],"110":[0],"111":[90],"112":[181],"113":[8],"114":[173],"115":[6],"116":[5],"117":[4],"118":[2],"119":[1],"120":[0],"121":[2],"122":[1],"123":[1]},"fnMap":{"0":{"name":"<instan
[...]
,"/home/sheece/Desktop/work/release/dendri/client/src/dataconnection/BufferedConnection/Raw.ts": {"path":"/home/sheece/Desktop/work/release/dendri/client/src/dataconnection/BufferedConnection/Raw.ts","all":false,"statementMap":{"0":{"start":{"line":1,"column":0},"end":{"line":1,"column":48}},"1":{"start":{"line":2,"column":0},"end":{"line":2,"column":58}},"3":{"start":{"line":4,"column":0},"end":{"line":4,"column":45}},"4":{"start":{"line":5,"column":0},"end":{"line":5,"column":49}},"6":{"start":{"line":7,"column":0},"end":{"line":7,"column":61}},"7":{"start":{"line":8,"column":0},"end":{"line":8,"column":27}},"8":{"start":{"line":9,"column":0},"end":{"line":9,"column":2}},"10":{"start":{"line":11,"column":0},"end":{"line":11,"column":61}},"11":{"start":{"line":12,"column":0},"end":{"line":12,"column":27}},"12":{"start":{"line":13,"column":0},"end":{"line":13,"column":2}},"13":{"start":{"line":14,"column":0},"end":{"line":14,"column":1}}},"s":{"0":1,"1":1,"3":1,"4":4,"6":4,"7":1,"8":1,"10":4,"11":1,"12":1,"13":4},"branchMap":{"0":{"type":"branch","line":4,"loc":{"start":{"line":4,"column":44},"end":{"line":14,"column":1}},"locations":[{"start":{"line":4,"column":44},"end":{"line":14,"column":1}}]},"1":{"type":"branch","line":7,"loc":{"start":{"line":7,"column":11},"end":{"line":9,"column":2}},"locations":[{"start":{"line":7,"column":11},"end":{"line":9,"column":2}}]},"2":{"type":"branch","line":11,"loc":{"start":{"line":11,"column":10},"end":{"line":13,"column":2}},"locations":[{"start":{"line":11,"column":10},"end":{"line":13,"column":2}}]}},"b":{"0":[4],"1":[1],"2":[1]},"fnMap":{"0":{"name":"<instance_members_initializer>","decl":{"start":{"line":4,"column":44},"end":{"line":14,"column":1}},"loc":{"start":{"line":4,"column":44},"end":{"line":14,"column":1}},"line":4},"1":{"name":"_handleDataMessage","decl":{"start":{"line":7,"column":11},"end":{"line":9,"column":2}},"loc":{"start":{"line":7,"column":11},"end":{"line":9,"column":2}},"line":7},"2":{"name":"_send","decl":{"start":{"line":11,"column":10},"end":{"line":13,"column":2}},"loc":{"start":{"line":11,"column":10},"end":{"line":13,"column":2}},"line":11}},"f":{"0":4,"1":1,"2":1}}
,"/home/sheece/Desktop/work/release/dendri/client/src/dataconnection/BufferedConnection/binaryPackChunker.ts": {"path":"/home/sheece/Desktop/work/release/dendri/client/src/dataconnection/BufferedConnection/binaryPackChunker.ts","all":false,"statementMap":{"0":{"start":{"line":1,"column":0},"end":{"line":1,"column":32}},"1":{"start":{"line":2,"column":0},"end":{"line":2,"column":186}},"5":{"start":{"line":6,"column":0},"end":{"line":6,"column":32}},"7":{"start":{"line":8,"column":0},"end":{"line":8,"column":10}},"8":{"start":{"line":9,"column":0},"end":{"line":9,"column":20}},"9":{"start":{"line":10,"column":0},"end":{"line":10,"column":78}},"10":{"start":{"line":11,"column":0},"end":{"line":11,"column":20}},"11":{"start":{"line":12,"column":0},"end":{"line":12,"column":31}},"12":{"start":{"line":13,"column":0},"end":{"line":13,"column":50}},"14":{"start":{"line":15,"column":0},"end":{"line":15,"column":16}},"15":{"start":{"line":16,"column":0},"end":{"line":16,"column":16}},"17":{"start":{"line":18,"column":0},"end":{"line":18,"column":24}},"18":{"start":{"line":19,"column":0},"end":{"line":19,"column":55}},"19":{"start":{"line":20,"column":0},"end":{"line":20,"column":36}},"21":{"start":{"line":22,"column":0},"end":{"line":22,"column":18}},"22":{"start":{"line":23,"column":0},"end":{"line":23,"column":32}},"23":{"start":{"line":24,"column":0},"end":{"line":24,"column":13}},"24":{"start":{"line":25,"column":0},"end":{"line":25,"column":12}},"25":{"start":{"line":26,"column":0},"end":{"line":26,"column":10}},"26":{"start":{"line":27,"column":0},"end":{"line":27,"column":5}},"28":{"start":{"line":29,"column":0},"end":{"line":29,"column":22}},"30":{"start":{"line":31,"column":0},"end":{"line":31,"column":15}},"31":{"start":{"line":32,"column":0},"end":{"line":32,"column":11}},"32":{"start":{"line":33,"column":0},"end":{"line":33,"column":3}},"34":{"start":{"line":35,"column":0},"end":{"line":35,"column":20}},"36":{"start":{"line":37,"column":0},"end":{"line":37,"column":16}},"37":{"start":{"line":38,"column":0},"end":{"line":38,"column":3}},"38":{"start":{"line":39,"column":0},"end":{"line":39,"column":1}},"40":{"start":{"line":41,"column":0},"end":{"line":41,"column":56}},"41":{"start":{"line":42,"column":0},"end":{"line":42,"column":14}},"42":{"start":{"line":43,"column":0},"end":{"line":43,"column":26}},"43":{"start":{"line":44,"column":0},"end":{"line":44,"column":25}},"44":{"start":{"line":45,"column":0},"end":{"line":45,"column":2}},"45":{"start":{"line":46,"column":0},"end":{"line":46,"column":37}},"46":{"start":{"line":47,"column":0},"end":{"line":47,"column":16}},"47":{"start":{"line":48,"column":0},"end":{"line":48,"column":26}},"48":{"start":{"line":49,"column":0},"end":{"line":49,"column":26}},"49":{"start":{"line":50,"column":0},"end":{"line":50,"column":27}},"50":{"start":{"line":51,"column":0},"end":{"line":51,"column":2}},"51":{"start":{"line":52,"column":0},"end":{"line":52,"column":15}},"52":{"start":{"line":53,"column":0},"end":{"line":53,"column":1}}},"s":{"0":1,"1":113,"5":113,"7":113,"8":10,"9":10,"10":10,"11":10,"12":10,"14":10,"15":10,"17":10,"18":14,"19":14,"21":14,"22":14,"23":14,"24":14,"25":14,"26":14,"28":14,"30":14,"31":14,"32":14,"34":10,"36":10,"37":10,"38":113,"40":1,"41":5,"42":5,"43":9,"44":9,"45":5,"46":5,"47":5,"48":9,"49":9,"50":9,"51":5,"52":5},"branchMap":{"0":{"type":"branch","line":1,"loc":{"start":{"line":1,"column":31},"end":{"line":39,"column":1}},"locations":[{"start":{"line":1,"column":31},"end":{"line":39,"column":1}}]},"1":{"type":"branch","line":8,"loc":{"start":{"line":8,"column":9},"end":{"line":38,"column":3}},"locations":[{"start":{"line":8,"column":9},"end":{"line":38,"column":3}}]},"2":{"type":"branch","line":18,"loc":{"start":{"line":18,"column":23},"end":{"line":33,"column":3}},"locations":[{"start":{"line":18,"column":23},"end":{"line":33,"column":3}}]},"3":{"type":"branch","line":41,"loc":{"start":{"line":41,"column":7},"end":{"line":53,"column":1}},"locations":[{"start":{"line":41,"column":7},"end":{"line":53,"column":1}}]},"4":{"type":"branch","line":43,"loc":{"start":{"line":43,"column":25},"end":{"line":45,"column":2}},"locations":[{"start":{"line":43,"column":25},"end":{"line":45,"column":2}}]},"5":{"type":"branch","line":48,"loc":{"start":{"line":48,"column":25},"end":{"line":51,"column":2}},"locations":[{"start":{"line":48,"column":25},"end":{"line":51,"column":2}}]}},"b":{"0":[113],"1":[10],"2":[14],"3":[5],"4":[9],"5":[9]},"fnMap":{"0":{"name":"<instance_members_initializer>","decl":{"start":{"line":1,"column":31},"end":{"line":39,"column":1}},"loc":{"start":{"line":1,"column":31},"end":{"line":39,"column":1}},"line":1},"1":{"name":"chunk","decl":{"start":{"line":8,"column":9},"end":{"line":38,"column":3}},"loc":{"start":{"line":8,"column":9},"end":{"line":38,"column":3}},"line":8},"2":{"name":"concatArrayBuffers","decl":{"start":{"line":41,"column":7},"end":{"line":53,"column":1}},"loc":{"start":{"line":41,"column":7},"end":{"line":53,"column":1}},"line":41}},"f":{"0":113,"1":10,"2":5}}
,"/home/sheece/Desktop/work/release/dendri/client/src/dataconnection/StreamConnection/MsgPack.ts": {"path":"/home/sheece/Desktop/work/release/dendri/client/src/dataconnection/StreamConnection/MsgPack.ts","all":true,"statementMap":{"0":{"start":{"line":1,"column":0},"end":{"line":1,"column":62}},"2":{"start":{"line":3,"column":0},"end":{"line":3,"column":34}},"3":{"start":{"line":4,"column":0},"end":{"line":4,"column":54}},"5":{"start":{"line":6,"column":0},"end":{"line":6,"column":47}},"6":{"start":{"line":7,"column":0},"end":{"line":7,"column":36}},"7":{"start":{"line":8,"column":0},"end":{"line":8,"column":34}},"9":{"start":{"line":10,"column":0},"end":{"line":10,"column":62}},"10":{"start":{"line":11,"column":0},"end":{"line":11,"column":35}},"12":{"start":{"line":13,"column":0},"end":{"line":13,"column":16}},"13":{"start":{"line":14,"column":0},"end":{"line":14,"column":68}},"14":{"start":{"line":15,"column":0},"end":{"line":15,"column":46}},"15":{"start":{"line":16,"column":0},"end":{"line":16,"column":37}},"16":{"start":{"line":17,"column":0},"end":{"line":17,"column":18}},"17":{"start":{"line":18,"column":0},"end":{"line":18,"column":12}},"18":{"start":{"line":19,"column":0},"end":{"line":19,"column":5}},"19":{"start":{"line":20,"column":0},"end":{"line":20,"column":27}},"20":{"start":{"line":21,"column":0},"end":{"line":21,"column":4}},"21":{"start":{"line":22,"column":0},"end":{"line":22,"column":23}},"23":{"start":{"line":24,"column":0},"end":{"line":24,"column":19}},"24":{"start":{"line":25,"column":0},"end":{"line":25,"column":71}},"25":{"start":{"line":26,"column":0},"end":{"line":26,"column":4}},"26":{"start":{"line":27,"column":0},"end":{"line":27,"column":5}},"27":{"start":{"line":28,"column":0},"end":{"line":28,"column":2}},"29":{"start":{"line":30,"column":0},"end":{"line":30,"column":42}},"30":{"start":{"line":31,"column":0},"end":{"line":31,"column":55}},"31":{"start":{"line":32,"column":0},"end":{"line":32,"column":2}},"32":{"start":{"line":33,"column":0},"end":{"line":33,"column":1}}},"s":{"0":0,"2":0,"3":0,"5":0,"6":0,"7":0,"9":0,"10":0,"12":0,"13":0,"14":0,"15":0,"16":0,"17":0,"18":0,"19":0,"20":0,"21":0,"23":0,"24":0,"25":0,"26":0,"27":0,"29":0,"30":0,"31":0,"32":0},"branchMap":{"0":{"type":"branch","line":1,"loc":{"start":{"line":1,"column":968},"end":{"line":33,"column":1}},"locations":[{"start":{"line":1,"column":968},"end":{"line":33,"column":1}}]}},"b":{"0":[0]},"fnMap":{"0":{"name":"(empty-report)","decl":{"start":{"line":1,"column":968},"end":{"line":33,"column":1}},"loc":{"start":{"line":1,"column":968},"end":{"line":33,"column":1}},"line":1}},"f":{"0":0}}
,"/home/sheece/Desktop/work/release/dendri/client/src/dataconnection/StreamConnection/StreamConnection.ts": {"path":"/home/sheece/Desktop/work/release/dendri/client/src/dataconnection/StreamConnection/StreamConnection.ts","all":true,"statementMap":{"1":{"start":{"line":2,"column":0},"end":{"line":2,"column":34}},"2":{"start":{"line":3,"column":0},"end":{"line":3,"column":51}},"4":{"start":{"line":5,"column":0},"end":{"line":5,"column":63}},"5":{"start":{"line":6,"column":0},"end":{"line":6,"column":36}},"6":{"start":{"line":7,"column":0},"end":{"line":7,"column":57}},"7":{"start":{"line":8,"column":0},"end":{"line":8,"column":37}},"8":{"start":{"line":9,"column":0},"end":{"line":9,"column":73}},"9":{"start":{"line":10,"column":0},"end":{"line":10,"column":72}},"10":{"start":{"line":11,"column":0},"end":{"line":11,"column":4}},"11":{"start":{"line":12,"column":0},"end":{"line":12,"column":4}},"12":{"start":{"line":13,"column":0},"end":{"line":13,"column":4}},"13":{"start":{"line":14,"column":0},"end":{"line":14,"column":59}},"14":{"start":{"line":15,"column":0},"end":{"line":15,"column":39}},"16":{"start":{"line":17,"column":0},"end":{"line":17,"column":7}},"17":{"start":{"line":18,"column":0},"end":{"line":18,"column":23}},"18":{"start":{"line":19,"column":0},"end":{"line":19,"column":91}},"19":{"start":{"line":20,"column":0},"end":{"line":20,"column":6}},"20":{"start":{"line":21,"column":0},"end":{"line":21,"column":50}},"21":{"start":{"line":22,"column":0},"end":{"line":22,"column":26}},"22":{"start":{"line":23,"column":0},"end":{"line":23,"column":16}},"23":{"start":{"line":24,"column":0},"end":{"line":24,"column":16}},"24":{"start":{"line":25,"column":0},"end":{"line":25,"column":7}},"25":{"start":{"line":26,"column":0},"end":{"line":26,"column":28}},"26":{"start":{"line":27,"column":0},"end":{"line":27,"column":16}},"27":{"start":{"line":28,"column":0},"end":{"line":28,"column":77}},"28":{"start":{"line":29,"column":0},"end":{"line":29,"column":7}},"29":{"start":{"line":30,"column":0},"end":{"line":30,"column":28}},"30":{"start":{"line":31,"column":0},"end":{"line":31,"column":72}},"31":{"start":{"line":32,"column":0},"end":{"line":32,"column":62}},"32":{"start":{"line":33,"column":0},"end":{"line":33,"column":7}},"34":{"start":{"line":35,"column":0},"end":{"line":35,"column":69}},"35":{"start":{"line":36,"column":0},"end":{"line":36,"column":17}},"36":{"start":{"line":37,"column":0},"end":{"line":37,"column":8}},"37":{"start":{"line":38,"column":0},"end":{"line":38,"column":59}},"38":{"start":{"line":39,"column":0},"end":{"line":39,"column":17}},"39":{"start":{"line":40,"column":0},"end":{"line":40,"column":8}},"40":{"start":{"line":41,"column":0},"end":{"line":41,"column":7}},"41":{"start":{"line":42,"column":0},"end":{"line":42,"column":4}},"43":{"start":{"line":44,"column":0},"end":{"line":44,"column":69}},"44":{"start":{"line":45,"column":0},"end":{"line":45,"column":59}},"45":{"start":{"line":46,"column":0},"end":{"line":46,"column":11}},"46":{"start":{"line":47,"column":0},"end":{"line":47,"column":4}},"48":{"start":{"line":49,"column":0},"end":{"line":49,"column":8}},"49":{"start":{"line":50,"column":0},"end":{"line":50,"column":33}},"50":{"start":{"line":51,"column":0},"end":{"line":51,"column":16}},"51":{"start":{"line":52,"column":0},"end":{"line":52,"column":68}},"52":{"start":{"line":53,"column":0},"end":{"line":53,"column":24}},"53":{"start":{"line":54,"column":0},"end":{"line":54,"column":17}},"54":{"start":{"line":55,"column":0},"end":{"line":55,"column":4}},"55":{"start":{"line":56,"column":0},"end":{"line":56,"column":4}},"56":{"start":{"line":57,"column":0},"end":{"line":57,"column":4}},"57":{"start":{"line":58,"column":0},"end":{"line":58,"column":59}},"59":{"start":{"line":60,"column":0},"end":{"line":60,"column":78}},"60":{"start":{"line":61,"column":0},"end":{"line":61,"column":91}},"62":{"start":{"line":63,"column":0},"end":{"line":63,"column":61}},"63":{"start":{"line":64,"column":0},"end":{"line":64,"column":26}},"64":{"start":{"line":65,"column":0},"end":{"line":65,"column":43}},"65":{"start":{"line":66,"column":0},"end":{"line":66,"column":28}},"66":{"start":{"line":67,"column":0},"end":{"line":67,"column":34}},"67":{"start":{"line":68,"column":0},"end":{"line":68,"column":59}},"68":{"start":{"line":69,"column":0},"end":{"line":69,"column":32}},"69":{"start":{"line":70,"column":0},"end":{"line":70,"column":6}},"70":{"start":{"line":71,"column":0},"end":{"line":71,"column":81}},"71":{"start":{"line":72,"column":0},"end":{"line":72,"column":6}},"72":{"start":{"line":73,"column":0},"end":{"line":73,"column":4}},"73":{"start":{"line":74,"column":0},"end":{"line":74,"column":4}},"75":{"start":{"line":76,"column":0},"end":{"line":76,"column":72}},"76":{"start":{"line":77,"column":0},"end":{"line":77,"column":58}},"78":{"start":{"line":79,"column":0},"end":{"line":79,"column":62}},"79":{"start":{"line":80,"column":0},"end":{"line":80,"column":2}},"81":{"start":{"line":82,"column":0},"end":{"line":82,"column":61}},"82":{"start":{"line":83,"column":0},"end":{"line":83,"column":35}},"83":{"start":{"line":84,"column":0},"end":{"line":84,"column":47}},"84":{"start":{"line":85,"column":0},"end":{"line":85,"column":88}},"85":{"start":{"line":86,"column":0},"end":{"line":86,"column":2}},"87":{"start":{"line":88,"column":0},"end":{"line":88,"column":61}},"89":{"start":{"line":90,"column":0},"end":{"line":90,"column":59}},"90":{"start":{"line":91,"column":0},"end":{"line":91,"column":83}},"91":{"start":{"line":92,"column":0},"end":{"line":92,"column":41}},"92":{"start":{"line":93,"column":0},"end":{"line":93,"column":3}},"95":{"start":{"line":96,"column":0},"end":{"line":96,"column":23}},"97":{"start":{"line":98,"column":0},"end":{"line":98,"column":7}},"98":{"start":{"line":99,"column":0},"end":{"line":99,"column":23}},"99":{"start":{"line":100,"column":0},"end":{"line":100,"column":15}},"101":{"start":{"line":102,"column":0},"end":{"line":102,"column":3}},"103":{"start":{"line":104,"column":0},"end":{"line":104,"column":35}},"104":{"start":{"line":105,"column":0},"end":{"line":105,"column":8}},"105":{"start":{"line":106,"column":0},"end":{"line":106,"column":39}},"106":{"start":{"line":107,"column":0},"end":{"line":107,"column":16}},"108":{"start":{"line":109,"column":0},"end":{"line":109,"column":4}},"109":{"start":{"line":110,"column":0},"end":{"line":110,"column":37}},"110":{"start":{"line":111,"column":0},"end":{"line":111,"column":3}},"111":{"start":{"line":112,"column":0},"end":{"line":112,"column":2}},"112":{"start":{"line":113,"column":0},"end":{"line":113,"column":1}}},"s":{"1":0,"2":0,"4":0,"5":0,"6":0,"7":0,"8":0,"9":0,"10":0,"11":0,"12":0,"13":0,"14":0,"16":0,"17":0,"18":0,"19":0,"20":0,"21":0,"22":0,"23":0,"24":0,"25":0,"26":0,"27":0,"28":0,"29":0,"30":0,"31":0,"32":0,"34":0,"35":0,"36":0,"37":0,"38":0,"39":0,"40":0,"41":0,"43":0,"44":0,"45":0,"46":0,"48":0,"49":0,"50":0,"51":0,"52":0,"53":0,"54":0,"55":0,"56":0,"57":0,"59":0,"60":0,"62":0,"63":0,"64":0,"65":0,"66":0,"67":0,"68":0,"69":0,"70":0,"71":0,"72":0,"73":0,"75":0,"76":0,"78":0,"79":0,"81":0,"82":0,"83":0,"84":0,"85":0,"87":0,"89":0,"90":0,"91":0,"92":0,"95":0,"97":0,"98":0,"99":0,"101":0,"103":0,"104":0,"105":0,"106":0,"108":0,"109":0,"110":0,"111":0,"112":0},"branchMap":{"0":{"type":"branch","line":1,"loc":{"start":{"line":1,"column":3480},"end":{"line":113,"column":1}},"locations":[{"start":{"line":1,"column":3480},"end":{"line":113,"column":1}}]}},"b":{"0":[1]},"fnMap":{"0":{"name":"(empty-report)","decl":{"start":{"line":1,"column":3480},"end":{"line":113,"column":1}},"loc":{"start":{"line":1,"column":3480},"end":{"line":113,"column":1}},"line":1}},"f":{"0":1}}
,"/home/sheece/Desktop/work/release/dendri/client/src/utils/randomToken.ts": {"path":"/home/sheece/Desktop/work/release/dendri/client/src/utils/randomToken.ts","all":false,"statementMap":{"0":{"start":{"line":1,"column":0},"end":{"line":1,"column":69}}},"s":{"0":1},"branchMap":{"0":{"type":"branch","line":1,"loc":{"start":{"line":1,"column":27},"end":{"line":1,"column":68}},"locations":[{"start":{"line":1,"column":27},"end":{"line":1,"column":68}}]}},"b":{"0":[196]},"fnMap":{"0":{"name":"randomToken","decl":{"start":{"line":1,"column":27},"end":{"line":1,"column":68}},"loc":{"start":{"line":1,"column":27},"end":{"line":1,"column":68}},"line":1}},"f":{"0":196}}
,"/home/sheece/Desktop/work/release/dendri/client/src/utils/validateId.ts": {"path":"/home/sheece/Desktop/work/release/dendri/client/src/utils/validateId.ts","all":false,"statementMap":{"0":{"start":{"line":1,"column":0},"end":{"line":1,"column":52}},"2":{"start":{"line":3,"column":0},"end":{"line":3,"column":63}},"3":{"start":{"line":4,"column":0},"end":{"line":4,"column":2}}},"s":{"0":1,"2":169,"3":169},"branchMap":{"0":{"type":"branch","line":1,"loc":{"start":{"line":1,"column":26},"end":{"line":4,"column":2}},"locations":[{"start":{"line":1,"column":26},"end":{"line":4,"column":2}}]},"1":{"type":"branch","line":3,"loc":{"start":{"line":3,"column":9},"end":{"line":3,"column":63}},"locations":[{"start":{"line":3,"column":9},"end":{"line":3,"column":63}}]}},"b":{"0":[169],"1":[168]},"fnMap":{"0":{"name":"validateId","decl":{"start":{"line":1,"column":26},"end":{"line":4,"column":2}},"loc":{"start":{"line":1,"column":26},"end":{"line":4,"column":2}},"line":1}},"f":{"0":169}}
}
